/bin/sh: 1: ./script/cron_block.sh: Permission denied
/bin/sh: 1: ./script/cron_block.sh: Permission denied
/bin/sh: 1: ./script/cron_block.sh: Permission denied
/bin/sh: 1: ./script/cron_block.sh: Permission denied
/bin/sh: 1: ./script/cron_block.sh: Permission denied
/bin/sh: 1: ./script/cron_block.sh: Permission denied
/bin/sh: 1: ./script/cron_block.sh: Permission denied
/bin/sh: 1: ./script/cron_block.sh: Permission denied
/bin/sh: 1: ./script/cron_block.sh: Permission denied
/bin/sh: 1: ./script/cron_block.sh: Permission denied
/bin/sh: 1: ./script/cron_block.sh: Permission denied
/bin/sh: 1: ./script/cron_block.sh: Permission denied
/bin/sh: 1: ./script/cron_block.sh: Permission denied
/bin/sh: 1: ./script/cron_block.sh: Permission denied
/bin/sh: 1: ./script/cron_block.sh: Permission denied
/bin/sh: 1: ./script/cron_block.sh: Permission denied
/bin/sh: 1: ./script/cron_block.sh: Permission denied
/bin/sh: 1: ./script/cron_block.sh: Permission denied
/bin/sh: 1: ./script/cron_block.sh: Permission denied
264818 264834 true
Height: 264818 Hash: 5ad717d87ec0c9dd91e45c222068a99aa51acfbddd469c555154bd1464b86e3b
Height: 264819 Hash: 10d164e603c66d65679af36d4fcdadc1b6c1c81cafa242e2bd6fba1185c349d6
Height: 264820 Hash: 0573984722d0a27ec924e9c267e2e80a1241ce2e2208e48d3f703440844d3b99
Height: 264821 Hash: 7c5a6caf48a4d9ca44d990f8466a854913dfae72a33d1d38272a003139f5c061
Height: 264822 Hash: fc701beaea0ce169e23599d399254225f55f389e2574636a04c1739c5ff3da70
Height: 264823 Hash: 2e4f02d4645094dc7e9c9baada32b29aa9fbac09240667e8907bfcf2f3a8c07e
Height: 264824 Hash: f8c83ea2ca96ff52759f4bbf06866ffe7bed8e0e09cb7ade7f37bf51c8a87f5f
Height: 264825 Hash: f25ce1ac50a94b4cf7d637a58e1ada8206b1cea0b02718321b77bbf3d03717fe
Height: 264826 Hash: 50377ec53399484ff1057eb6b41cdf8eae44f2f126490354ddbcfde5b2afd5fd
Height: 264827 Hash: 765e1e1da6dc8101d3e1546c8a12b37c50ac19b557163df69f56aca3f7532a68
Height: 264828 Hash: 95cf16096972b848f8e42ecfacf50a6025da505998ca0a0b147e502c24d18c8a
Height: 264829 Hash: a2537dd52f86b608bd7c0b8150e7f566562fc1511e33d3e98127ffc8a4055780
Height: 264830 Hash: c724e8d3cfb078c32802f5aabf2d222db34edc18d5431b135bd9405b5d2ab7ad
Height: 264831 Hash: 0132afeea6ff164083877b67cf8ec93f8ba6cbeae52c1ef78ab89579c496295d
Height: 264832 Hash: c51a4928be14137146783c392ce167ef3733d0c75e7bbd8ff9ca3519e08a34ad
Height: 264833 Hash: ad42863c7950d76d26914605d45987bb79f843192ca8f97907a73531de5f966a
Height: 264834 Hash: c33f98297ffcaf1eaa6691b6064df7719bff7fabc1fcbf1839a06ac3b7999aa9
264834 264834 true
{ Error: ENOENT: no such file or directory, unlink '/home/explorer/blockex/tmp/block.cron_lock'
    at Object.fs.unlinkSync (fs.js:1061:18)
    at Object.unlock (/home/explorer/blockex/lib/locker.js:40:6)
    at update (/home/explorer/blockex/cron/block.js:101:14)
    at <anonymous>
    at process._tickCallback (internal/process/next_tick.js:189:7)
  errno: -2,
  code: 'ENOENT',
  syscall: 'unlink',
  path: '/home/explorer/blockex/tmp/block.cron_lock' }
264834 264835 true
Height: 264834 Hash: c33f98297ffcaf1eaa6691b6064df7719bff7fabc1fcbf1839a06ac3b7999aa9
Height: 264835 Hash: 01332cc86afc1fa96d4f3275e2c605f77820d266cfbc4a7fd07f122176ca1dd7
264835 264835 true
{ Error: ENOENT: no such file or directory, unlink '/home/explorer/blockex/tmp/block.cron_lock'
    at Object.fs.unlinkSync (fs.js:1061:18)
    at Object.unlock (/home/explorer/blockex/lib/locker.js:40:6)
    at update (/home/explorer/blockex/cron/block.js:101:14)
    at <anonymous>
    at process._tickCallback (internal/process/next_tick.js:189:7)
  errno: -2,
  code: 'ENOENT',
  syscall: 'unlink',
  path: '/home/explorer/blockex/tmp/block.cron_lock' }
264835 264835 true
{ Error: ENOENT: no such file or directory, unlink '/home/explorer/blockex/tmp/block.cron_lock'
    at Object.fs.unlinkSync (fs.js:1061:18)
    at Object.unlock (/home/explorer/blockex/lib/locker.js:40:6)
    at update (/home/explorer/blockex/cron/block.js:101:14)
    at <anonymous>
    at process._tickCallback (internal/process/next_tick.js:189:7)
  errno: -2,
  code: 'ENOENT',
  syscall: 'unlink',
  path: '/home/explorer/blockex/tmp/block.cron_lock' }
264835 264835 true
{ Error: ENOENT: no such file or directory, unlink '/home/explorer/blockex/tmp/block.cron_lock'
    at Object.fs.unlinkSync (fs.js:1061:18)
    at Object.unlock (/home/explorer/blockex/lib/locker.js:40:6)
    at update (/home/explorer/blockex/cron/block.js:101:14)
    at <anonymous>
    at process._tickCallback (internal/process/next_tick.js:189:7)
  errno: -2,
  code: 'ENOENT',
  syscall: 'unlink',
  path: '/home/explorer/blockex/tmp/block.cron_lock' }
264835 264835 true
{ Error: ENOENT: no such file or directory, unlink '/home/explorer/blockex/tmp/block.cron_lock'
    at Object.fs.unlinkSync (fs.js:1061:18)
    at Object.unlock (/home/explorer/blockex/lib/locker.js:40:6)
    at update (/home/explorer/blockex/cron/block.js:101:14)
    at <anonymous>
    at process._tickCallback (internal/process/next_tick.js:189:7)
  errno: -2,
  code: 'ENOENT',
  syscall: 'unlink',
  path: '/home/explorer/blockex/tmp/block.cron_lock' }
264835 264836 true
Height: 264835 Hash: 01332cc86afc1fa96d4f3275e2c605f77820d266cfbc4a7fd07f122176ca1dd7
Height: 264836 Hash: 95b76bd302a02a5569e3004689ab0024670d54a19104e33b8320fbc01fb31f3f
264836 264837 true
Height: 264836 Hash: 95b76bd302a02a5569e3004689ab0024670d54a19104e33b8320fbc01fb31f3f
Height: 264837 Hash: b83d9cad7b0cb9be999a03020c16d9cd60f09b2218eaf0de243ce348d130d97e
264837 264837 true
{ Error: ENOENT: no such file or directory, unlink '/home/explorer/blockex/tmp/block.cron_lock'
    at Object.fs.unlinkSync (fs.js:1061:18)
    at Object.unlock (/home/explorer/blockex/lib/locker.js:40:6)
    at update (/home/explorer/blockex/cron/block.js:101:14)
    at <anonymous>
    at process._tickCallback (internal/process/next_tick.js:189:7)
  errno: -2,
  code: 'ENOENT',
  syscall: 'unlink',
  path: '/home/explorer/blockex/tmp/block.cron_lock' }
264837 264837 true
{ Error: ENOENT: no such file or directory, unlink '/home/explorer/blockex/tmp/block.cron_lock'
    at Object.fs.unlinkSync (fs.js:1061:18)
    at Object.unlock (/home/explorer/blockex/lib/locker.js:40:6)
    at update (/home/explorer/blockex/cron/block.js:101:14)
    at <anonymous>
    at process._tickCallback (internal/process/next_tick.js:189:7)
  errno: -2,
  code: 'ENOENT',
  syscall: 'unlink',
  path: '/home/explorer/blockex/tmp/block.cron_lock' }
264837 264837 true
{ Error: ENOENT: no such file or directory, unlink '/home/explorer/blockex/tmp/block.cron_lock'
    at Object.fs.unlinkSync (fs.js:1061:18)
    at Object.unlock (/home/explorer/blockex/lib/locker.js:40:6)
    at update (/home/explorer/blockex/cron/block.js:101:14)
    at <anonymous>
    at process._tickCallback (internal/process/next_tick.js:189:7)
  errno: -2,
  code: 'ENOENT',
  syscall: 'unlink',
  path: '/home/explorer/blockex/tmp/block.cron_lock' }
264837 264837 true
{ Error: ENOENT: no such file or directory, unlink '/home/explorer/blockex/tmp/block.cron_lock'
    at Object.fs.unlinkSync (fs.js:1061:18)
    at Object.unlock (/home/explorer/blockex/lib/locker.js:40:6)
    at update (/home/explorer/blockex/cron/block.js:101:14)
    at <anonymous>
    at process._tickCallback (internal/process/next_tick.js:189:7)
  errno: -2,
  code: 'ENOENT',
  syscall: 'unlink',
  path: '/home/explorer/blockex/tmp/block.cron_lock' }
264837 264837 true
{ Error: ENOENT: no such file or directory, unlink '/home/explorer/blockex/tmp/block.cron_lock'
    at Object.fs.unlinkSync (fs.js:1061:18)
    at Object.unlock (/home/explorer/blockex/lib/locker.js:40:6)
    at update (/home/explorer/blockex/cron/block.js:101:14)
    at <anonymous>
    at process._tickCallback (internal/process/next_tick.js:189:7)
  errno: -2,
  code: 'ENOENT',
  syscall: 'unlink',
  path: '/home/explorer/blockex/tmp/block.cron_lock' }
264837 264838 true
Height: 264837 Hash: b83d9cad7b0cb9be999a03020c16d9cd60f09b2218eaf0de243ce348d130d97e
Height: 264838 Hash: 3a2e51f413e7c93a83da03823c62b795de31da8d39606ec8053e4f9f23612bc4
264838 264838 true
{ Error: ENOENT: no such file or directory, unlink '/home/explorer/blockex/tmp/block.cron_lock'
    at Object.fs.unlinkSync (fs.js:1061:18)
    at Object.unlock (/home/explorer/blockex/lib/locker.js:40:6)
    at update (/home/explorer/blockex/cron/block.js:101:14)
    at <anonymous>
    at process._tickCallback (internal/process/next_tick.js:189:7)
  errno: -2,
  code: 'ENOENT',
  syscall: 'unlink',
  path: '/home/explorer/blockex/tmp/block.cron_lock' }
264838 264839 true
Height: 264838 Hash: 3a2e51f413e7c93a83da03823c62b795de31da8d39606ec8053e4f9f23612bc4
Height: 264839 Hash: a0acbcb2f9650524b5c1acaeeae096c923598e4d530fe89c16a70798556bcd37
264839 264841 true
Height: 264839 Hash: a0acbcb2f9650524b5c1acaeeae096c923598e4d530fe89c16a70798556bcd37
Height: 264840 Hash: 73a02496d2c2ce719d3b0a6ab3d57030c1840f56192ba3ab505655ba766a8297
Height: 264841 Hash: 19ae899c20935edff07c9c5c35f72dbacff552c0a19530e80e3c9449a39729b3
264841 264841 true
{ Error: ENOENT: no such file or directory, unlink '/home/explorer/blockex/tmp/block.cron_lock'
    at Object.fs.unlinkSync (fs.js:1061:18)
    at Object.unlock (/home/explorer/blockex/lib/locker.js:40:6)
    at update (/home/explorer/blockex/cron/block.js:101:14)
    at <anonymous>
    at process._tickCallback (internal/process/next_tick.js:189:7)
  errno: -2,
  code: 'ENOENT',
  syscall: 'unlink',
  path: '/home/explorer/blockex/tmp/block.cron_lock' }
264841 264841 true
{ Error: ENOENT: no such file or directory, unlink '/home/explorer/blockex/tmp/block.cron_lock'
    at Object.fs.unlinkSync (fs.js:1061:18)
    at Object.unlock (/home/explorer/blockex/lib/locker.js:40:6)
    at update (/home/explorer/blockex/cron/block.js:101:14)
    at <anonymous>
    at process._tickCallback (internal/process/next_tick.js:189:7)
  errno: -2,
  code: 'ENOENT',
  syscall: 'unlink',
  path: '/home/explorer/blockex/tmp/block.cron_lock' }
264841 264842 true
Height: 264841 Hash: 19ae899c20935edff07c9c5c35f72dbacff552c0a19530e80e3c9449a39729b3
Height: 264842 Hash: dac71a65bb4ffb024a66d18cd1d8166d9be7edbc2f22a7769280916ef98216d8
264842 264842 true
{ Error: ENOENT: no such file or directory, unlink '/home/explorer/blockex/tmp/block.cron_lock'
    at Object.fs.unlinkSync (fs.js:1061:18)
    at Object.unlock (/home/explorer/blockex/lib/locker.js:40:6)
    at update (/home/explorer/blockex/cron/block.js:101:14)
    at <anonymous>
    at process._tickCallback (internal/process/next_tick.js:189:7)
  errno: -2,
  code: 'ENOENT',
  syscall: 'unlink',
  path: '/home/explorer/blockex/tmp/block.cron_lock' }
264842 264843 true
Height: 264842 Hash: dac71a65bb4ffb024a66d18cd1d8166d9be7edbc2f22a7769280916ef98216d8
Height: 264843 Hash: 8e661f785768ec80a5313c64bbf518f5be501589297a88f2634f0c9a30a2e749
264843 264843 true
{ Error: ENOENT: no such file or directory, unlink '/home/explorer/blockex/tmp/block.cron_lock'
    at Object.fs.unlinkSync (fs.js:1061:18)
    at Object.unlock (/home/explorer/blockex/lib/locker.js:40:6)
    at update (/home/explorer/blockex/cron/block.js:101:14)
    at <anonymous>
    at process._tickCallback (internal/process/next_tick.js:189:7)
  errno: -2,
  code: 'ENOENT',
  syscall: 'unlink',
  path: '/home/explorer/blockex/tmp/block.cron_lock' }
264843 264843 true
{ Error: ENOENT: no such file or directory, unlink '/home/explorer/blockex/tmp/block.cron_lock'
    at Object.fs.unlinkSync (fs.js:1061:18)
    at Object.unlock (/home/explorer/blockex/lib/locker.js:40:6)
    at update (/home/explorer/blockex/cron/block.js:101:14)
    at <anonymous>
    at process._tickCallback (internal/process/next_tick.js:189:7)
  errno: -2,
  code: 'ENOENT',
  syscall: 'unlink',
  path: '/home/explorer/blockex/tmp/block.cron_lock' }
264843 264843 true
{ Error: ENOENT: no such file or directory, unlink '/home/explorer/blockex/tmp/block.cron_lock'
    at Object.fs.unlinkSync (fs.js:1061:18)
    at Object.unlock (/home/explorer/blockex/lib/locker.js:40:6)
    at update (/home/explorer/blockex/cron/block.js:101:14)
    at <anonymous>
    at process._tickCallback (internal/process/next_tick.js:189:7)
  errno: -2,
  code: 'ENOENT',
  syscall: 'unlink',
  path: '/home/explorer/blockex/tmp/block.cron_lock' }
264843 264844 true
Height: 264843 Hash: 8e661f785768ec80a5313c64bbf518f5be501589297a88f2634f0c9a30a2e749
Height: 264844 Hash: 7ef772d8a15d361bcc93d7ae3b1fa740fc59e6230b6c111be9e2b187240ec79a
264844 264844 true
{ Error: ENOENT: no such file or directory, unlink '/home/explorer/blockex/tmp/block.cron_lock'
    at Object.fs.unlinkSync (fs.js:1061:18)
    at Object.unlock (/home/explorer/blockex/lib/locker.js:40:6)
    at update (/home/explorer/blockex/cron/block.js:101:14)
    at <anonymous>
    at process._tickCallback (internal/process/next_tick.js:189:7)
  errno: -2,
  code: 'ENOENT',
  syscall: 'unlink',
  path: '/home/explorer/blockex/tmp/block.cron_lock' }
264844 264844 true
{ Error: ENOENT: no such file or directory, unlink '/home/explorer/blockex/tmp/block.cron_lock'
    at Object.fs.unlinkSync (fs.js:1061:18)
    at Object.unlock (/home/explorer/blockex/lib/locker.js:40:6)
    at update (/home/explorer/blockex/cron/block.js:101:14)
    at <anonymous>
    at process._tickCallback (internal/process/next_tick.js:189:7)
  errno: -2,
  code: 'ENOENT',
  syscall: 'unlink',
  path: '/home/explorer/blockex/tmp/block.cron_lock' }
264844 264845 true
Height: 264844 Hash: 7ef772d8a15d361bcc93d7ae3b1fa740fc59e6230b6c111be9e2b187240ec79a
Height: 264845 Hash: 528a4497aeb0ca1df9bef521e1bb80f60ef0dc97d9c60673dc489f40b7023b49
264845 264845 true
{ Error: ENOENT: no such file or directory, unlink '/home/explorer/blockex/tmp/block.cron_lock'
    at Object.fs.unlinkSync (fs.js:1061:18)
    at Object.unlock (/home/explorer/blockex/lib/locker.js:40:6)
    at update (/home/explorer/blockex/cron/block.js:101:14)
    at <anonymous>
    at process._tickCallback (internal/process/next_tick.js:189:7)
  errno: -2,
  code: 'ENOENT',
  syscall: 'unlink',
  path: '/home/explorer/blockex/tmp/block.cron_lock' }
264845 264845 true
{ Error: ENOENT: no such file or directory, unlink '/home/explorer/blockex/tmp/block.cron_lock'
    at Object.fs.unlinkSync (fs.js:1061:18)
    at Object.unlock (/home/explorer/blockex/lib/locker.js:40:6)
    at update (/home/explorer/blockex/cron/block.js:101:14)
    at <anonymous>
    at process._tickCallback (internal/process/next_tick.js:189:7)
  errno: -2,
  code: 'ENOENT',
  syscall: 'unlink',
  path: '/home/explorer/blockex/tmp/block.cron_lock' }
264845 264846 true
Height: 264845 Hash: 528a4497aeb0ca1df9bef521e1bb80f60ef0dc97d9c60673dc489f40b7023b49
Height: 264846 Hash: 3a0d24816fc16fbef1e6cf245c0a476c155f67df1724161cdf494e950ada94d5
264846 264847 true
Height: 264846 Hash: 3a0d24816fc16fbef1e6cf245c0a476c155f67df1724161cdf494e950ada94d5
Height: 264847 Hash: b61591ce39eadf43fc297c10309c6c7f57144e8e178cdea0d9beb55a725415ea
264847 264847 true
{ Error: ENOENT: no such file or directory, unlink '/home/explorer/blockex/tmp/block.cron_lock'
    at Object.fs.unlinkSync (fs.js:1061:18)
    at Object.unlock (/home/explorer/blockex/lib/locker.js:40:6)
    at update (/home/explorer/blockex/cron/block.js:101:14)
    at <anonymous>
    at process._tickCallback (internal/process/next_tick.js:189:7)
  errno: -2,
  code: 'ENOENT',
  syscall: 'unlink',
  path: '/home/explorer/blockex/tmp/block.cron_lock' }
264847 264847 true
{ Error: ENOENT: no such file or directory, unlink '/home/explorer/blockex/tmp/block.cron_lock'
    at Object.fs.unlinkSync (fs.js:1061:18)
    at Object.unlock (/home/explorer/blockex/lib/locker.js:40:6)
    at update (/home/explorer/blockex/cron/block.js:101:14)
    at <anonymous>
    at process._tickCallback (internal/process/next_tick.js:189:7)
  errno: -2,
  code: 'ENOENT',
  syscall: 'unlink',
  path: '/home/explorer/blockex/tmp/block.cron_lock' }
264847 264847 true
{ Error: ENOENT: no such file or directory, unlink '/home/explorer/blockex/tmp/block.cron_lock'
    at Object.fs.unlinkSync (fs.js:1061:18)
    at Object.unlock (/home/explorer/blockex/lib/locker.js:40:6)
    at update (/home/explorer/blockex/cron/block.js:101:14)
    at <anonymous>
    at process._tickCallback (internal/process/next_tick.js:189:7)
  errno: -2,
  code: 'ENOENT',
  syscall: 'unlink',
  path: '/home/explorer/blockex/tmp/block.cron_lock' }
264847 264847 true
{ Error: ENOENT: no such file or directory, unlink '/home/explorer/blockex/tmp/block.cron_lock'
    at Object.fs.unlinkSync (fs.js:1061:18)
    at Object.unlock (/home/explorer/blockex/lib/locker.js:40:6)
    at update (/home/explorer/blockex/cron/block.js:101:14)
    at <anonymous>
    at process._tickCallback (internal/process/next_tick.js:189:7)
  errno: -2,
  code: 'ENOENT',
  syscall: 'unlink',
  path: '/home/explorer/blockex/tmp/block.cron_lock' }
264847 264848 true
Height: 264847 Hash: b61591ce39eadf43fc297c10309c6c7f57144e8e178cdea0d9beb55a725415ea
Height: 264848 Hash: 6474cdb6bc0bd2b2bcb63019bd9a3c892add22e328be0ec12d453cff40053bd8
264848 264848 true
{ Error: ENOENT: no such file or directory, unlink '/home/explorer/blockex/tmp/block.cron_lock'
    at Object.fs.unlinkSync (fs.js:1061:18)
    at Object.unlock (/home/explorer/blockex/lib/locker.js:40:6)
    at update (/home/explorer/blockex/cron/block.js:101:14)
    at <anonymous>
    at process._tickCallback (internal/process/next_tick.js:189:7)
  errno: -2,
  code: 'ENOENT',
  syscall: 'unlink',
  path: '/home/explorer/blockex/tmp/block.cron_lock' }
264848 264849 true
Height: 264848 Hash: 6474cdb6bc0bd2b2bcb63019bd9a3c892add22e328be0ec12d453cff40053bd8
Height: 264849 Hash: fd510d9eff06982b98050cd316100c40bc5a09417191aee540895a00fc686422
264849 264849 true
{ Error: ENOENT: no such file or directory, unlink '/home/explorer/blockex/tmp/block.cron_lock'
    at Object.fs.unlinkSync (fs.js:1061:18)
    at Object.unlock (/home/explorer/blockex/lib/locker.js:40:6)
    at update (/home/explorer/blockex/cron/block.js:101:14)
    at <anonymous>
    at process._tickCallback (internal/process/next_tick.js:189:7)
  errno: -2,
  code: 'ENOENT',
  syscall: 'unlink',
  path: '/home/explorer/blockex/tmp/block.cron_lock' }
264849 264849 true
{ Error: ENOENT: no such file or directory, unlink '/home/explorer/blockex/tmp/block.cron_lock'
    at Object.fs.unlinkSync (fs.js:1061:18)
    at Object.unlock (/home/explorer/blockex/lib/locker.js:40:6)
    at update (/home/explorer/blockex/cron/block.js:101:14)
    at <anonymous>
    at process._tickCallback (internal/process/next_tick.js:189:7)
  errno: -2,
  code: 'ENOENT',
  syscall: 'unlink',
  path: '/home/explorer/blockex/tmp/block.cron_lock' }
264849 264849 true
{ Error: ENOENT: no such file or directory, unlink '/home/explorer/blockex/tmp/block.cron_lock'
    at Object.fs.unlinkSync (fs.js:1061:18)
    at Object.unlock (/home/explorer/blockex/lib/locker.js:40:6)
    at update (/home/explorer/blockex/cron/block.js:101:14)
    at <anonymous>
    at process._tickCallback (internal/process/next_tick.js:189:7)
  errno: -2,
  code: 'ENOENT',
  syscall: 'unlink',
  path: '/home/explorer/blockex/tmp/block.cron_lock' }
264849 264849 true
{ Error: ENOENT: no such file or directory, unlink '/home/explorer/blockex/tmp/block.cron_lock'
    at Object.fs.unlinkSync (fs.js:1061:18)
    at Object.unlock (/home/explorer/blockex/lib/locker.js:40:6)
    at update (/home/explorer/blockex/cron/block.js:101:14)
    at <anonymous>
    at process._tickCallback (internal/process/next_tick.js:189:7)
  errno: -2,
  code: 'ENOENT',
  syscall: 'unlink',
  path: '/home/explorer/blockex/tmp/block.cron_lock' }
264849 264849 true
{ Error: ENOENT: no such file or directory, unlink '/home/explorer/blockex/tmp/block.cron_lock'
    at Object.fs.unlinkSync (fs.js:1061:18)
    at Object.unlock (/home/explorer/blockex/lib/locker.js:40:6)
    at update (/home/explorer/blockex/cron/block.js:101:14)
    at <anonymous>
    at process._tickCallback (internal/process/next_tick.js:189:7)
  errno: -2,
  code: 'ENOENT',
  syscall: 'unlink',
  path: '/home/explorer/blockex/tmp/block.cron_lock' }
264849 264849 true
{ Error: ENOENT: no such file or directory, unlink '/home/explorer/blockex/tmp/block.cron_lock'
    at Object.fs.unlinkSync (fs.js:1061:18)
    at Object.unlock (/home/explorer/blockex/lib/locker.js:40:6)
    at update (/home/explorer/blockex/cron/block.js:101:14)
    at <anonymous>
    at process._tickCallback (internal/process/next_tick.js:189:7)
  errno: -2,
  code: 'ENOENT',
  syscall: 'unlink',
  path: '/home/explorer/blockex/tmp/block.cron_lock' }
264849 264849 true
{ Error: ENOENT: no such file or directory, unlink '/home/explorer/blockex/tmp/block.cron_lock'
    at Object.fs.unlinkSync (fs.js:1061:18)
    at Object.unlock (/home/explorer/blockex/lib/locker.js:40:6)
    at update (/home/explorer/blockex/cron/block.js:101:14)
    at <anonymous>
    at process._tickCallback (internal/process/next_tick.js:189:7)
  errno: -2,
  code: 'ENOENT',
  syscall: 'unlink',
  path: '/home/explorer/blockex/tmp/block.cron_lock' }
264849 264849 true
{ Error: ENOENT: no such file or directory, unlink '/home/explorer/blockex/tmp/block.cron_lock'
    at Object.fs.unlinkSync (fs.js:1061:18)
    at Object.unlock (/home/explorer/blockex/lib/locker.js:40:6)
    at update (/home/explorer/blockex/cron/block.js:101:14)
    at <anonymous>
    at process._tickCallback (internal/process/next_tick.js:189:7)
  errno: -2,
  code: 'ENOENT',
  syscall: 'unlink',
  path: '/home/explorer/blockex/tmp/block.cron_lock' }
264849 264849 true
{ Error: ENOENT: no such file or directory, unlink '/home/explorer/blockex/tmp/block.cron_lock'
    at Object.fs.unlinkSync (fs.js:1061:18)
    at Object.unlock (/home/explorer/blockex/lib/locker.js:40:6)
    at update (/home/explorer/blockex/cron/block.js:101:14)
    at <anonymous>
    at process._tickCallback (internal/process/next_tick.js:189:7)
  errno: -2,
  code: 'ENOENT',
  syscall: 'unlink',
  path: '/home/explorer/blockex/tmp/block.cron_lock' }
264849 264849 true
{ Error: ENOENT: no such file or directory, unlink '/home/explorer/blockex/tmp/block.cron_lock'
    at Object.fs.unlinkSync (fs.js:1061:18)
    at Object.unlock (/home/explorer/blockex/lib/locker.js:40:6)
    at update (/home/explorer/blockex/cron/block.js:101:14)
    at <anonymous>
    at process._tickCallback (internal/process/next_tick.js:189:7)
  errno: -2,
  code: 'ENOENT',
  syscall: 'unlink',
  path: '/home/explorer/blockex/tmp/block.cron_lock' }
264849 264849 true
{ Error: ENOENT: no such file or directory, unlink '/home/explorer/blockex/tmp/block.cron_lock'
    at Object.fs.unlinkSync (fs.js:1061:18)
    at Object.unlock (/home/explorer/blockex/lib/locker.js:40:6)
    at update (/home/explorer/blockex/cron/block.js:101:14)
    at <anonymous>
    at process._tickCallback (internal/process/next_tick.js:189:7)
  errno: -2,
  code: 'ENOENT',
  syscall: 'unlink',
  path: '/home/explorer/blockex/tmp/block.cron_lock' }
264849 264849 true
{ Error: ENOENT: no such file or directory, unlink '/home/explorer/blockex/tmp/block.cron_lock'
    at Object.fs.unlinkSync (fs.js:1061:18)
    at Object.unlock (/home/explorer/blockex/lib/locker.js:40:6)
    at update (/home/explorer/blockex/cron/block.js:101:14)
    at <anonymous>
    at process._tickCallback (internal/process/next_tick.js:189:7)
  errno: -2,
  code: 'ENOENT',
  syscall: 'unlink',
  path: '/home/explorer/blockex/tmp/block.cron_lock' }
264849 264849 true
{ Error: ENOENT: no such file or directory, unlink '/home/explorer/blockex/tmp/block.cron_lock'
    at Object.fs.unlinkSync (fs.js:1061:18)
    at Object.unlock (/home/explorer/blockex/lib/locker.js:40:6)
    at update (/home/explorer/blockex/cron/block.js:101:14)
    at <anonymous>
    at process._tickCallback (internal/process/next_tick.js:189:7)
  errno: -2,
  code: 'ENOENT',
  syscall: 'unlink',
  path: '/home/explorer/blockex/tmp/block.cron_lock' }
264849 264849 true
{ Error: ENOENT: no such file or directory, unlink '/home/explorer/blockex/tmp/block.cron_lock'
    at Object.fs.unlinkSync (fs.js:1061:18)
    at Object.unlock (/home/explorer/blockex/lib/locker.js:40:6)
    at update (/home/explorer/blockex/cron/block.js:101:14)
    at <anonymous>
    at process._tickCallback (internal/process/next_tick.js:189:7)
  errno: -2,
  code: 'ENOENT',
  syscall: 'unlink',
  path: '/home/explorer/blockex/tmp/block.cron_lock' }
264849 264851 true
Height: 264849 Hash: fd510d9eff06982b98050cd316100c40bc5a09417191aee540895a00fc686422
Height: 264850 Hash: da3649c5347b1b76c74cf0677d1bf001212cd7d00c0c8dcb13469bb385cef5c9
Height: 264851 Hash: 6b65e36ab2bd4b741b232724485df0c1ed395bc1ee5b2f75b8f8a21fe856d422
264851 264852 true
Height: 264851 Hash: 6b65e36ab2bd4b741b232724485df0c1ed395bc1ee5b2f75b8f8a21fe856d422
Height: 264852 Hash: 9acdac8557d30d61be4a4a8fb6c1174b4cb7ab3a45764686c030f7cb7c37b5ee
264852 264853 true
Height: 264852 Hash: 9acdac8557d30d61be4a4a8fb6c1174b4cb7ab3a45764686c030f7cb7c37b5ee
Height: 264853 Hash: 965ea476d5185b34791c69bbb6f8f8adb34a44076b8605186252d558cd7cea4c
264853 264854 true
Height: 264853 Hash: 965ea476d5185b34791c69bbb6f8f8adb34a44076b8605186252d558cd7cea4c
Height: 264854 Hash: 96841e828584df60106648d1f7098bca573cdfba989f586306a5408ecb2c778c
264854 264854 true
{ Error: ENOENT: no such file or directory, unlink '/home/explorer/blockex/tmp/block.cron_lock'
    at Object.fs.unlinkSync (fs.js:1061:18)
    at Object.unlock (/home/explorer/blockex/lib/locker.js:40:6)
    at update (/home/explorer/blockex/cron/block.js:101:14)
    at <anonymous>
    at process._tickCallback (internal/process/next_tick.js:189:7)
  errno: -2,
  code: 'ENOENT',
  syscall: 'unlink',
  path: '/home/explorer/blockex/tmp/block.cron_lock' }
264854 264856 true
Height: 264854 Hash: 96841e828584df60106648d1f7098bca573cdfba989f586306a5408ecb2c778c
Height: 264855 Hash: 7f711dde44f9094872b872c8731ebd6cea819c2f3c0ba3c250db81468822625e
Height: 264856 Hash: a31897518b38d3d7fa4e28da4ca1c0323a0acbee030ad391850d24eca7223060
264856 264856 true
{ Error: ENOENT: no such file or directory, unlink '/home/explorer/blockex/tmp/block.cron_lock'
    at Object.fs.unlinkSync (fs.js:1061:18)
    at Object.unlock (/home/explorer/blockex/lib/locker.js:40:6)
    at update (/home/explorer/blockex/cron/block.js:101:14)
    at <anonymous>
    at process._tickCallback (internal/process/next_tick.js:189:7)
  errno: -2,
  code: 'ENOENT',
  syscall: 'unlink',
  path: '/home/explorer/blockex/tmp/block.cron_lock' }
264856 264858 true
Height: 264856 Hash: a31897518b38d3d7fa4e28da4ca1c0323a0acbee030ad391850d24eca7223060
Height: 264857 Hash: f0ceed63275aaaff701a6fbb5cfc4c69699072b39c2a8dff923c6f28f0162032
Height: 264858 Hash: 29cae3a06ae2d019bd95a0a9dc020c9fef66307641c4e694e44166451ea0024c
264858 264858 true
{ Error: ENOENT: no such file or directory, unlink '/home/explorer/blockex/tmp/block.cron_lock'
    at Object.fs.unlinkSync (fs.js:1061:18)
    at Object.unlock (/home/explorer/blockex/lib/locker.js:40:6)
    at update (/home/explorer/blockex/cron/block.js:101:14)
    at <anonymous>
    at process._tickCallback (internal/process/next_tick.js:189:7)
  errno: -2,
  code: 'ENOENT',
  syscall: 'unlink',
  path: '/home/explorer/blockex/tmp/block.cron_lock' }
264858 264860 true
Height: 264858 Hash: 29cae3a06ae2d019bd95a0a9dc020c9fef66307641c4e694e44166451ea0024c
Height: 264859 Hash: b3b8ded9088cf804d2c49216de73d76b6cf1ce3e64b05741812acd53e9822cc2
Height: 264860 Hash: 43440b0cfb4a64c313429aa2b71a3059f6f0075667a7b40255c0f4e6d4f8dc76
264860 264860 true
{ Error: ENOENT: no such file or directory, unlink '/home/explorer/blockex/tmp/block.cron_lock'
    at Object.fs.unlinkSync (fs.js:1061:18)
    at Object.unlock (/home/explorer/blockex/lib/locker.js:40:6)
    at update (/home/explorer/blockex/cron/block.js:101:14)
    at <anonymous>
    at process._tickCallback (internal/process/next_tick.js:189:7)
  errno: -2,
  code: 'ENOENT',
  syscall: 'unlink',
  path: '/home/explorer/blockex/tmp/block.cron_lock' }
264860 264860 true
{ Error: ENOENT: no such file or directory, unlink '/home/explorer/blockex/tmp/block.cron_lock'
    at Object.fs.unlinkSync (fs.js:1061:18)
    at Object.unlock (/home/explorer/blockex/lib/locker.js:40:6)
    at update (/home/explorer/blockex/cron/block.js:101:14)
    at <anonymous>
    at process._tickCallback (internal/process/next_tick.js:189:7)
  errno: -2,
  code: 'ENOENT',
  syscall: 'unlink',
  path: '/home/explorer/blockex/tmp/block.cron_lock' }
264860 264861 true
Height: 264860 Hash: 43440b0cfb4a64c313429aa2b71a3059f6f0075667a7b40255c0f4e6d4f8dc76
Height: 264861 Hash: 57feefe2eb21fb4a3cfbbaa548cdad29927602147c1c624df49b1c9ca199134c
264861 264861 true
{ Error: ENOENT: no such file or directory, unlink '/home/explorer/blockex/tmp/block.cron_lock'
    at Object.fs.unlinkSync (fs.js:1061:18)
    at Object.unlock (/home/explorer/blockex/lib/locker.js:40:6)
    at update (/home/explorer/blockex/cron/block.js:101:14)
    at <anonymous>
    at process._tickCallback (internal/process/next_tick.js:189:7)
  errno: -2,
  code: 'ENOENT',
  syscall: 'unlink',
  path: '/home/explorer/blockex/tmp/block.cron_lock' }
264861 264861 true
{ Error: ENOENT: no such file or directory, unlink '/home/explorer/blockex/tmp/block.cron_lock'
    at Object.fs.unlinkSync (fs.js:1061:18)
    at Object.unlock (/home/explorer/blockex/lib/locker.js:40:6)
    at update (/home/explorer/blockex/cron/block.js:101:14)
    at <anonymous>
    at process._tickCallback (internal/process/next_tick.js:189:7)
  errno: -2,
  code: 'ENOENT',
  syscall: 'unlink',
  path: '/home/explorer/blockex/tmp/block.cron_lock' }
264861 264861 true
{ Error: ENOENT: no such file or directory, unlink '/home/explorer/blockex/tmp/block.cron_lock'
    at Object.fs.unlinkSync (fs.js:1061:18)
    at Object.unlock (/home/explorer/blockex/lib/locker.js:40:6)
    at update (/home/explorer/blockex/cron/block.js:101:14)
    at <anonymous>
    at process._tickCallback (internal/process/next_tick.js:189:7)
  errno: -2,
  code: 'ENOENT',
  syscall: 'unlink',
  path: '/home/explorer/blockex/tmp/block.cron_lock' }
264861 264861 true
{ Error: ENOENT: no such file or directory, unlink '/home/explorer/blockex/tmp/block.cron_lock'
    at Object.fs.unlinkSync (fs.js:1061:18)
    at Object.unlock (/home/explorer/blockex/lib/locker.js:40:6)
    at update (/home/explorer/blockex/cron/block.js:101:14)
    at <anonymous>
    at process._tickCallback (internal/process/next_tick.js:189:7)
  errno: -2,
  code: 'ENOENT',
  syscall: 'unlink',
  path: '/home/explorer/blockex/tmp/block.cron_lock' }
264861 264861 true
{ Error: ENOENT: no such file or directory, unlink '/home/explorer/blockex/tmp/block.cron_lock'
    at Object.fs.unlinkSync (fs.js:1061:18)
    at Object.unlock (/home/explorer/blockex/lib/locker.js:40:6)
    at update (/home/explorer/blockex/cron/block.js:101:14)
    at <anonymous>
    at process._tickCallback (internal/process/next_tick.js:189:7)
  errno: -2,
  code: 'ENOENT',
  syscall: 'unlink',
  path: '/home/explorer/blockex/tmp/block.cron_lock' }
264861 264862 true
Height: 264861 Hash: 57feefe2eb21fb4a3cfbbaa548cdad29927602147c1c624df49b1c9ca199134c
Height: 264862 Hash: 3f0d8d48616251fe587dff1f451ab9cd0a6f2bd3b5a490af6321e76a0a496abc
264862 264862 true
{ Error: ENOENT: no such file or directory, unlink '/home/explorer/blockex/tmp/block.cron_lock'
    at Object.fs.unlinkSync (fs.js:1061:18)
    at Object.unlock (/home/explorer/blockex/lib/locker.js:40:6)
    at update (/home/explorer/blockex/cron/block.js:101:14)
    at <anonymous>
    at process._tickCallback (internal/process/next_tick.js:189:7)
  errno: -2,
  code: 'ENOENT',
  syscall: 'unlink',
  path: '/home/explorer/blockex/tmp/block.cron_lock' }
264862 264862 true
{ Error: ENOENT: no such file or directory, unlink '/home/explorer/blockex/tmp/block.cron_lock'
    at Object.fs.unlinkSync (fs.js:1061:18)
    at Object.unlock (/home/explorer/blockex/lib/locker.js:40:6)
    at update (/home/explorer/blockex/cron/block.js:101:14)
    at <anonymous>
    at process._tickCallback (internal/process/next_tick.js:189:7)
  errno: -2,
  code: 'ENOENT',
  syscall: 'unlink',
  path: '/home/explorer/blockex/tmp/block.cron_lock' }
264862 264862 true
{ Error: ENOENT: no such file or directory, unlink '/home/explorer/blockex/tmp/block.cron_lock'
    at Object.fs.unlinkSync (fs.js:1061:18)
    at Object.unlock (/home/explorer/blockex/lib/locker.js:40:6)
    at update (/home/explorer/blockex/cron/block.js:101:14)
    at <anonymous>
    at process._tickCallback (internal/process/next_tick.js:189:7)
  errno: -2,
  code: 'ENOENT',
  syscall: 'unlink',
  path: '/home/explorer/blockex/tmp/block.cron_lock' }
264862 264862 true
{ Error: ENOENT: no such file or directory, unlink '/home/explorer/blockex/tmp/block.cron_lock'
    at Object.fs.unlinkSync (fs.js:1061:18)
    at Object.unlock (/home/explorer/blockex/lib/locker.js:40:6)
    at update (/home/explorer/blockex/cron/block.js:101:14)
    at <anonymous>
    at process._tickCallback (internal/process/next_tick.js:189:7)
  errno: -2,
  code: 'ENOENT',
  syscall: 'unlink',
  path: '/home/explorer/blockex/tmp/block.cron_lock' }
264862 264862 true
{ Error: ENOENT: no such file or directory, unlink '/home/explorer/blockex/tmp/block.cron_lock'
    at Object.fs.unlinkSync (fs.js:1061:18)
    at Object.unlock (/home/explorer/blockex/lib/locker.js:40:6)
    at update (/home/explorer/blockex/cron/block.js:101:14)
    at <anonymous>
    at process._tickCallback (internal/process/next_tick.js:189:7)
  errno: -2,
  code: 'ENOENT',
  syscall: 'unlink',
  path: '/home/explorer/blockex/tmp/block.cron_lock' }
264862 264862 true
{ Error: ENOENT: no such file or directory, unlink '/home/explorer/blockex/tmp/block.cron_lock'
    at Object.fs.unlinkSync (fs.js:1061:18)
    at Object.unlock (/home/explorer/blockex/lib/locker.js:40:6)
    at update (/home/explorer/blockex/cron/block.js:101:14)
    at <anonymous>
    at process._tickCallback (internal/process/next_tick.js:189:7)
  errno: -2,
  code: 'ENOENT',
  syscall: 'unlink',
  path: '/home/explorer/blockex/tmp/block.cron_lock' }
264862 264862 true
{ Error: ENOENT: no such file or directory, unlink '/home/explorer/blockex/tmp/block.cron_lock'
    at Object.fs.unlinkSync (fs.js:1061:18)
    at Object.unlock (/home/explorer/blockex/lib/locker.js:40:6)
    at update (/home/explorer/blockex/cron/block.js:101:14)
    at <anonymous>
    at process._tickCallback (internal/process/next_tick.js:189:7)
  errno: -2,
  code: 'ENOENT',
  syscall: 'unlink',
  path: '/home/explorer/blockex/tmp/block.cron_lock' }
264862 264862 true
{ Error: ENOENT: no such file or directory, unlink '/home/explorer/blockex/tmp/block.cron_lock'
    at Object.fs.unlinkSync (fs.js:1061:18)
    at Object.unlock (/home/explorer/blockex/lib/locker.js:40:6)
    at update (/home/explorer/blockex/cron/block.js:101:14)
    at <anonymous>
    at process._tickCallback (internal/process/next_tick.js:189:7)
  errno: -2,
  code: 'ENOENT',
  syscall: 'unlink',
  path: '/home/explorer/blockex/tmp/block.cron_lock' }
264862 264863 true
Height: 264862 Hash: 3f0d8d48616251fe587dff1f451ab9cd0a6f2bd3b5a490af6321e76a0a496abc
Height: 264863 Hash: c2d64260383dfaa9e44c1a23213c58158c49c628fefef17056c7a89997b14ee4
264863 264863 true
{ Error: ENOENT: no such file or directory, unlink '/home/explorer/blockex/tmp/block.cron_lock'
    at Object.fs.unlinkSync (fs.js:1061:18)
    at Object.unlock (/home/explorer/blockex/lib/locker.js:40:6)
    at update (/home/explorer/blockex/cron/block.js:101:14)
    at <anonymous>
    at process._tickCallback (internal/process/next_tick.js:189:7)
  errno: -2,
  code: 'ENOENT',
  syscall: 'unlink',
  path: '/home/explorer/blockex/tmp/block.cron_lock' }
264863 264863 true
{ Error: ENOENT: no such file or directory, unlink '/home/explorer/blockex/tmp/block.cron_lock'
    at Object.fs.unlinkSync (fs.js:1061:18)
    at Object.unlock (/home/explorer/blockex/lib/locker.js:40:6)
    at update (/home/explorer/blockex/cron/block.js:101:14)
    at <anonymous>
    at process._tickCallback (internal/process/next_tick.js:189:7)
  errno: -2,
  code: 'ENOENT',
  syscall: 'unlink',
  path: '/home/explorer/blockex/tmp/block.cron_lock' }
264863 264864 true
Height: 264863 Hash: c2d64260383dfaa9e44c1a23213c58158c49c628fefef17056c7a89997b14ee4
Height: 264864 Hash: 090a7d0eb7c3b71ab4dbc6ee016000f8016040428298b50b77da5ea4c6671f5e
264864 264864 true
{ Error: ENOENT: no such file or directory, unlink '/home/explorer/blockex/tmp/block.cron_lock'
    at Object.fs.unlinkSync (fs.js:1061:18)
    at Object.unlock (/home/explorer/blockex/lib/locker.js:40:6)
    at update (/home/explorer/blockex/cron/block.js:101:14)
    at <anonymous>
    at process._tickCallback (internal/process/next_tick.js:189:7)
  errno: -2,
  code: 'ENOENT',
  syscall: 'unlink',
  path: '/home/explorer/blockex/tmp/block.cron_lock' }
264864 264864 true
{ Error: ENOENT: no such file or directory, unlink '/home/explorer/blockex/tmp/block.cron_lock'
    at Object.fs.unlinkSync (fs.js:1061:18)
    at Object.unlock (/home/explorer/blockex/lib/locker.js:40:6)
    at update (/home/explorer/blockex/cron/block.js:101:14)
    at <anonymous>
    at process._tickCallback (internal/process/next_tick.js:189:7)
  errno: -2,
  code: 'ENOENT',
  syscall: 'unlink',
  path: '/home/explorer/blockex/tmp/block.cron_lock' }
264864 264864 true
{ Error: ENOENT: no such file or directory, unlink '/home/explorer/blockex/tmp/block.cron_lock'
    at Object.fs.unlinkSync (fs.js:1061:18)
    at Object.unlock (/home/explorer/blockex/lib/locker.js:40:6)
    at update (/home/explorer/blockex/cron/block.js:101:14)
    at <anonymous>
    at process._tickCallback (internal/process/next_tick.js:189:7)
  errno: -2,
  code: 'ENOENT',
  syscall: 'unlink',
  path: '/home/explorer/blockex/tmp/block.cron_lock' }
264864 264864 true
{ Error: ENOENT: no such file or directory, unlink '/home/explorer/blockex/tmp/block.cron_lock'
    at Object.fs.unlinkSync (fs.js:1061:18)
    at Object.unlock (/home/explorer/blockex/lib/locker.js:40:6)
    at update (/home/explorer/blockex/cron/block.js:101:14)
    at <anonymous>
    at process._tickCallback (internal/process/next_tick.js:189:7)
  errno: -2,
  code: 'ENOENT',
  syscall: 'unlink',
  path: '/home/explorer/blockex/tmp/block.cron_lock' }
264864 264864 true
{ Error: ENOENT: no such file or directory, unlink '/home/explorer/blockex/tmp/block.cron_lock'
    at Object.fs.unlinkSync (fs.js:1061:18)
    at Object.unlock (/home/explorer/blockex/lib/locker.js:40:6)
    at update (/home/explorer/blockex/cron/block.js:101:14)
    at <anonymous>
    at process._tickCallback (internal/process/next_tick.js:189:7)
  errno: -2,
  code: 'ENOENT',
  syscall: 'unlink',
  path: '/home/explorer/blockex/tmp/block.cron_lock' }
264864 264866 true
Height: 264864 Hash: 090a7d0eb7c3b71ab4dbc6ee016000f8016040428298b50b77da5ea4c6671f5e
Height: 264865 Hash: ce4b987582197ff00ad58286b640e2c2411177450998f223654e8d209a8ca4fe
Height: 264866 Hash: 130ceaf767328d1d0178238d955b0b107b614a39f0ca6d9fb16de59700cfcd00
264866 264866 true
{ Error: ENOENT: no such file or directory, unlink '/home/explorer/blockex/tmp/block.cron_lock'
    at Object.fs.unlinkSync (fs.js:1061:18)
    at Object.unlock (/home/explorer/blockex/lib/locker.js:40:6)
    at update (/home/explorer/blockex/cron/block.js:101:14)
    at <anonymous>
    at process._tickCallback (internal/process/next_tick.js:189:7)
  errno: -2,
  code: 'ENOENT',
  syscall: 'unlink',
  path: '/home/explorer/blockex/tmp/block.cron_lock' }
264866 264866 true
{ Error: ENOENT: no such file or directory, unlink '/home/explorer/blockex/tmp/block.cron_lock'
    at Object.fs.unlinkSync (fs.js:1061:18)
    at Object.unlock (/home/explorer/blockex/lib/locker.js:40:6)
    at update (/home/explorer/blockex/cron/block.js:101:14)
    at <anonymous>
    at process._tickCallback (internal/process/next_tick.js:189:7)
  errno: -2,
  code: 'ENOENT',
  syscall: 'unlink',
  path: '/home/explorer/blockex/tmp/block.cron_lock' }
264866 264866 true
{ Error: ENOENT: no such file or directory, unlink '/home/explorer/blockex/tmp/block.cron_lock'
    at Object.fs.unlinkSync (fs.js:1061:18)
    at Object.unlock (/home/explorer/blockex/lib/locker.js:40:6)
    at update (/home/explorer/blockex/cron/block.js:101:14)
    at <anonymous>
    at process._tickCallback (internal/process/next_tick.js:189:7)
  errno: -2,
  code: 'ENOENT',
  syscall: 'unlink',
  path: '/home/explorer/blockex/tmp/block.cron_lock' }
264866 264866 true
{ Error: ENOENT: no such file or directory, unlink '/home/explorer/blockex/tmp/block.cron_lock'
    at Object.fs.unlinkSync (fs.js:1061:18)
    at Object.unlock (/home/explorer/blockex/lib/locker.js:40:6)
    at update (/home/explorer/blockex/cron/block.js:101:14)
    at <anonymous>
    at process._tickCallback (internal/process/next_tick.js:189:7)
  errno: -2,
  code: 'ENOENT',
  syscall: 'unlink',
  path: '/home/explorer/blockex/tmp/block.cron_lock' }
264866 264866 true
{ Error: ENOENT: no such file or directory, unlink '/home/explorer/blockex/tmp/block.cron_lock'
    at Object.fs.unlinkSync (fs.js:1061:18)
    at Object.unlock (/home/explorer/blockex/lib/locker.js:40:6)
    at update (/home/explorer/blockex/cron/block.js:101:14)
    at <anonymous>
    at process._tickCallback (internal/process/next_tick.js:189:7)
  errno: -2,
  code: 'ENOENT',
  syscall: 'unlink',
  path: '/home/explorer/blockex/tmp/block.cron_lock' }
264866 264866 true
{ Error: ENOENT: no such file or directory, unlink '/home/explorer/blockex/tmp/block.cron_lock'
    at Object.fs.unlinkSync (fs.js:1061:18)
    at Object.unlock (/home/explorer/blockex/lib/locker.js:40:6)
    at update (/home/explorer/blockex/cron/block.js:101:14)
    at <anonymous>
    at process._tickCallback (internal/process/next_tick.js:189:7)
  errno: -2,
  code: 'ENOENT',
  syscall: 'unlink',
  path: '/home/explorer/blockex/tmp/block.cron_lock' }
264866 264867 true
Height: 264866 Hash: 130ceaf767328d1d0178238d955b0b107b614a39f0ca6d9fb16de59700cfcd00
Height: 264867 Hash: 72ecdb6a5ddc8fce777e85754d492bb6d279db9b49d66db4955de3cdb1b789d2
264867 264867 true
{ Error: ENOENT: no such file or directory, unlink '/home/explorer/blockex/tmp/block.cron_lock'
    at Object.fs.unlinkSync (fs.js:1061:18)
    at Object.unlock (/home/explorer/blockex/lib/locker.js:40:6)
    at update (/home/explorer/blockex/cron/block.js:101:14)
    at <anonymous>
    at process._tickCallback (internal/process/next_tick.js:189:7)
  errno: -2,
  code: 'ENOENT',
  syscall: 'unlink',
  path: '/home/explorer/blockex/tmp/block.cron_lock' }
264867 264868 true
Height: 264867 Hash: 72ecdb6a5ddc8fce777e85754d492bb6d279db9b49d66db4955de3cdb1b789d2
Height: 264868 Hash: caa99ac4916b16a4187ead8036f8ba8c365acfaadd3bf12c272b9630601df316
264868 264868 true
{ Error: ENOENT: no such file or directory, unlink '/home/explorer/blockex/tmp/block.cron_lock'
    at Object.fs.unlinkSync (fs.js:1061:18)
    at Object.unlock (/home/explorer/blockex/lib/locker.js:40:6)
    at update (/home/explorer/blockex/cron/block.js:101:14)
    at <anonymous>
    at process._tickCallback (internal/process/next_tick.js:189:7)
  errno: -2,
  code: 'ENOENT',
  syscall: 'unlink',
  path: '/home/explorer/blockex/tmp/block.cron_lock' }
264868 264868 true
{ Error: ENOENT: no such file or directory, unlink '/home/explorer/blockex/tmp/block.cron_lock'
    at Object.fs.unlinkSync (fs.js:1061:18)
    at Object.unlock (/home/explorer/blockex/lib/locker.js:40:6)
    at update (/home/explorer/blockex/cron/block.js:101:14)
    at <anonymous>
    at process._tickCallback (internal/process/next_tick.js:189:7)
  errno: -2,
  code: 'ENOENT',
  syscall: 'unlink',
  path: '/home/explorer/blockex/tmp/block.cron_lock' }
264868 264868 true
{ Error: ENOENT: no such file or directory, unlink '/home/explorer/blockex/tmp/block.cron_lock'
    at Object.fs.unlinkSync (fs.js:1061:18)
    at Object.unlock (/home/explorer/blockex/lib/locker.js:40:6)
    at update (/home/explorer/blockex/cron/block.js:101:14)
    at <anonymous>
    at process._tickCallback (internal/process/next_tick.js:189:7)
  errno: -2,
  code: 'ENOENT',
  syscall: 'unlink',
  path: '/home/explorer/blockex/tmp/block.cron_lock' }
264868 264868 true
{ Error: ENOENT: no such file or directory, unlink '/home/explorer/blockex/tmp/block.cron_lock'
    at Object.fs.unlinkSync (fs.js:1061:18)
    at Object.unlock (/home/explorer/blockex/lib/locker.js:40:6)
    at update (/home/explorer/blockex/cron/block.js:101:14)
    at <anonymous>
    at process._tickCallback (internal/process/next_tick.js:189:7)
  errno: -2,
  code: 'ENOENT',
  syscall: 'unlink',
  path: '/home/explorer/blockex/tmp/block.cron_lock' }
264868 264868 true
{ Error: ENOENT: no such file or directory, unlink '/home/explorer/blockex/tmp/block.cron_lock'
    at Object.fs.unlinkSync (fs.js:1061:18)
    at Object.unlock (/home/explorer/blockex/lib/locker.js:40:6)
    at update (/home/explorer/blockex/cron/block.js:101:14)
    at <anonymous>
    at process._tickCallback (internal/process/next_tick.js:189:7)
  errno: -2,
  code: 'ENOENT',
  syscall: 'unlink',
  path: '/home/explorer/blockex/tmp/block.cron_lock' }
264868 264868 true
{ Error: ENOENT: no such file or directory, unlink '/home/explorer/blockex/tmp/block.cron_lock'
    at Object.fs.unlinkSync (fs.js:1061:18)
    at Object.unlock (/home/explorer/blockex/lib/locker.js:40:6)
    at update (/home/explorer/blockex/cron/block.js:101:14)
    at <anonymous>
    at process._tickCallback (internal/process/next_tick.js:189:7)
  errno: -2,
  code: 'ENOENT',
  syscall: 'unlink',
  path: '/home/explorer/blockex/tmp/block.cron_lock' }
264868 264868 true
{ Error: ENOENT: no such file or directory, unlink '/home/explorer/blockex/tmp/block.cron_lock'
    at Object.fs.unlinkSync (fs.js:1061:18)
    at Object.unlock (/home/explorer/blockex/lib/locker.js:40:6)
    at update (/home/explorer/blockex/cron/block.js:101:14)
    at <anonymous>
    at process._tickCallback (internal/process/next_tick.js:189:7)
  errno: -2,
  code: 'ENOENT',
  syscall: 'unlink',
  path: '/home/explorer/blockex/tmp/block.cron_lock' }
264868 264868 true
{ Error: ENOENT: no such file or directory, unlink '/home/explorer/blockex/tmp/block.cron_lock'
    at Object.fs.unlinkSync (fs.js:1061:18)
    at Object.unlock (/home/explorer/blockex/lib/locker.js:40:6)
    at update (/home/explorer/blockex/cron/block.js:101:14)
    at <anonymous>
    at process._tickCallback (internal/process/next_tick.js:189:7)
  errno: -2,
  code: 'ENOENT',
  syscall: 'unlink',
  path: '/home/explorer/blockex/tmp/block.cron_lock' }
264868 264869 true
Height: 264868 Hash: caa99ac4916b16a4187ead8036f8ba8c365acfaadd3bf12c272b9630601df316
Height: 264869 Hash: fdce85d21f57a5e68410c78d382c06c381b07636b40b28707821ca2bb962640b
264869 264870 true
Height: 264869 Hash: fdce85d21f57a5e68410c78d382c06c381b07636b40b28707821ca2bb962640b
Height: 264870 Hash: 8bde46741da85921ff9b9e4b4ae6c386dc7bdc2e1339c66d114d85a99fe8a713
264870 264871 true
Height: 264870 Hash: 8bde46741da85921ff9b9e4b4ae6c386dc7bdc2e1339c66d114d85a99fe8a713
Height: 264871 Hash: f73541b748107b182a93d02f27975480acd03f3238cd7629008093a0b1c255ff
264871 264871 true
{ Error: ENOENT: no such file or directory, unlink '/home/explorer/blockex/tmp/block.cron_lock'
    at Object.fs.unlinkSync (fs.js:1061:18)
    at Object.unlock (/home/explorer/blockex/lib/locker.js:40:6)
    at update (/home/explorer/blockex/cron/block.js:101:14)
    at <anonymous>
    at process._tickCallback (internal/process/next_tick.js:189:7)
  errno: -2,
  code: 'ENOENT',
  syscall: 'unlink',
  path: '/home/explorer/blockex/tmp/block.cron_lock' }
264871 264871 true
{ Error: ENOENT: no such file or directory, unlink '/home/explorer/blockex/tmp/block.cron_lock'
    at Object.fs.unlinkSync (fs.js:1061:18)
    at Object.unlock (/home/explorer/blockex/lib/locker.js:40:6)
    at update (/home/explorer/blockex/cron/block.js:101:14)
    at <anonymous>
    at process._tickCallback (internal/process/next_tick.js:189:7)
  errno: -2,
  code: 'ENOENT',
  syscall: 'unlink',
  path: '/home/explorer/blockex/tmp/block.cron_lock' }
264871 264871 true
{ Error: ENOENT: no such file or directory, unlink '/home/explorer/blockex/tmp/block.cron_lock'
    at Object.fs.unlinkSync (fs.js:1061:18)
    at Object.unlock (/home/explorer/blockex/lib/locker.js:40:6)
    at update (/home/explorer/blockex/cron/block.js:101:14)
    at <anonymous>
    at process._tickCallback (internal/process/next_tick.js:189:7)
  errno: -2,
  code: 'ENOENT',
  syscall: 'unlink',
  path: '/home/explorer/blockex/tmp/block.cron_lock' }
264871 264871 true
{ Error: ENOENT: no such file or directory, unlink '/home/explorer/blockex/tmp/block.cron_lock'
    at Object.fs.unlinkSync (fs.js:1061:18)
    at Object.unlock (/home/explorer/blockex/lib/locker.js:40:6)
    at update (/home/explorer/blockex/cron/block.js:101:14)
    at <anonymous>
    at process._tickCallback (internal/process/next_tick.js:189:7)
  errno: -2,
  code: 'ENOENT',
  syscall: 'unlink',
  path: '/home/explorer/blockex/tmp/block.cron_lock' }
264871 264871 true
{ Error: ENOENT: no such file or directory, unlink '/home/explorer/blockex/tmp/block.cron_lock'
    at Object.fs.unlinkSync (fs.js:1061:18)
    at Object.unlock (/home/explorer/blockex/lib/locker.js:40:6)
    at update (/home/explorer/blockex/cron/block.js:101:14)
    at <anonymous>
    at process._tickCallback (internal/process/next_tick.js:189:7)
  errno: -2,
  code: 'ENOENT',
  syscall: 'unlink',
  path: '/home/explorer/blockex/tmp/block.cron_lock' }
264871 264871 true
{ Error: ENOENT: no such file or directory, unlink '/home/explorer/blockex/tmp/block.cron_lock'
    at Object.fs.unlinkSync (fs.js:1061:18)
    at Object.unlock (/home/explorer/blockex/lib/locker.js:40:6)
    at update (/home/explorer/blockex/cron/block.js:101:14)
    at <anonymous>
    at process._tickCallback (internal/process/next_tick.js:189:7)
  errno: -2,
  code: 'ENOENT',
  syscall: 'unlink',
  path: '/home/explorer/blockex/tmp/block.cron_lock' }
264871 264871 true
{ Error: ENOENT: no such file or directory, unlink '/home/explorer/blockex/tmp/block.cron_lock'
    at Object.fs.unlinkSync (fs.js:1061:18)
    at Object.unlock (/home/explorer/blockex/lib/locker.js:40:6)
    at update (/home/explorer/blockex/cron/block.js:101:14)
    at <anonymous>
    at process._tickCallback (internal/process/next_tick.js:189:7)
  errno: -2,
  code: 'ENOENT',
  syscall: 'unlink',
  path: '/home/explorer/blockex/tmp/block.cron_lock' }
264871 264872 true
Height: 264871 Hash: f73541b748107b182a93d02f27975480acd03f3238cd7629008093a0b1c255ff
Height: 264872 Hash: f2dc7fd60c611429dbdbbaad65b976c440b8f0e478cf8497c46b30fded106d48
264872 264872 true
{ Error: ENOENT: no such file or directory, unlink '/home/explorer/blockex/tmp/block.cron_lock'
    at Object.fs.unlinkSync (fs.js:1061:18)
    at Object.unlock (/home/explorer/blockex/lib/locker.js:40:6)
    at update (/home/explorer/blockex/cron/block.js:101:14)
    at <anonymous>
    at process._tickCallback (internal/process/next_tick.js:189:7)
  errno: -2,
  code: 'ENOENT',
  syscall: 'unlink',
  path: '/home/explorer/blockex/tmp/block.cron_lock' }
264872 264872 true
{ Error: ENOENT: no such file or directory, unlink '/home/explorer/blockex/tmp/block.cron_lock'
    at Object.fs.unlinkSync (fs.js:1061:18)
    at Object.unlock (/home/explorer/blockex/lib/locker.js:40:6)
    at update (/home/explorer/blockex/cron/block.js:101:14)
    at <anonymous>
    at process._tickCallback (internal/process/next_tick.js:189:7)
  errno: -2,
  code: 'ENOENT',
  syscall: 'unlink',
  path: '/home/explorer/blockex/tmp/block.cron_lock' }
264872 264873 true
Height: 264872 Hash: f2dc7fd60c611429dbdbbaad65b976c440b8f0e478cf8497c46b30fded106d48
Height: 264873 Hash: fa8ff32b1e8825261e900010ab67e465396d0d6bc2a999e7d1cde6b015c21aeb
264873 264873 true
{ Error: ENOENT: no such file or directory, unlink '/home/explorer/blockex/tmp/block.cron_lock'
    at Object.fs.unlinkSync (fs.js:1061:18)
    at Object.unlock (/home/explorer/blockex/lib/locker.js:40:6)
    at update (/home/explorer/blockex/cron/block.js:101:14)
    at <anonymous>
    at process._tickCallback (internal/process/next_tick.js:189:7)
  errno: -2,
  code: 'ENOENT',
  syscall: 'unlink',
  path: '/home/explorer/blockex/tmp/block.cron_lock' }
264873 264873 true
{ Error: ENOENT: no such file or directory, unlink '/home/explorer/blockex/tmp/block.cron_lock'
    at Object.fs.unlinkSync (fs.js:1061:18)
    at Object.unlock (/home/explorer/blockex/lib/locker.js:40:6)
    at update (/home/explorer/blockex/cron/block.js:101:14)
    at <anonymous>
    at process._tickCallback (internal/process/next_tick.js:189:7)
  errno: -2,
  code: 'ENOENT',
  syscall: 'unlink',
  path: '/home/explorer/blockex/tmp/block.cron_lock' }
264873 264873 true
{ Error: ENOENT: no such file or directory, unlink '/home/explorer/blockex/tmp/block.cron_lock'
    at Object.fs.unlinkSync (fs.js:1061:18)
    at Object.unlock (/home/explorer/blockex/lib/locker.js:40:6)
    at update (/home/explorer/blockex/cron/block.js:101:14)
    at <anonymous>
    at process._tickCallback (internal/process/next_tick.js:189:7)
  errno: -2,
  code: 'ENOENT',
  syscall: 'unlink',
  path: '/home/explorer/blockex/tmp/block.cron_lock' }
264873 264873 true
{ Error: ENOENT: no such file or directory, unlink '/home/explorer/blockex/tmp/block.cron_lock'
    at Object.fs.unlinkSync (fs.js:1061:18)
    at Object.unlock (/home/explorer/blockex/lib/locker.js:40:6)
    at update (/home/explorer/blockex/cron/block.js:101:14)
    at <anonymous>
    at process._tickCallback (internal/process/next_tick.js:189:7)
  errno: -2,
  code: 'ENOENT',
  syscall: 'unlink',
  path: '/home/explorer/blockex/tmp/block.cron_lock' }
264873 264873 true
{ Error: ENOENT: no such file or directory, unlink '/home/explorer/blockex/tmp/block.cron_lock'
    at Object.fs.unlinkSync (fs.js:1061:18)
    at Object.unlock (/home/explorer/blockex/lib/locker.js:40:6)
    at update (/home/explorer/blockex/cron/block.js:101:14)
    at <anonymous>
    at process._tickCallback (internal/process/next_tick.js:189:7)
  errno: -2,
  code: 'ENOENT',
  syscall: 'unlink',
  path: '/home/explorer/blockex/tmp/block.cron_lock' }
264873 264874 true
Height: 264873 Hash: fa8ff32b1e8825261e900010ab67e465396d0d6bc2a999e7d1cde6b015c21aeb
Height: 264874 Hash: f032260afe03d62c10f262716cc64cf40d2fdc55145085435bed444162cbb5c9
264874 264874 true
{ Error: ENOENT: no such file or directory, unlink '/home/explorer/blockex/tmp/block.cron_lock'
    at Object.fs.unlinkSync (fs.js:1061:18)
    at Object.unlock (/home/explorer/blockex/lib/locker.js:40:6)
    at update (/home/explorer/blockex/cron/block.js:101:14)
    at <anonymous>
    at process._tickCallback (internal/process/next_tick.js:189:7)
  errno: -2,
  code: 'ENOENT',
  syscall: 'unlink',
  path: '/home/explorer/blockex/tmp/block.cron_lock' }
264874 264874 true
{ Error: ENOENT: no such file or directory, unlink '/home/explorer/blockex/tmp/block.cron_lock'
    at Object.fs.unlinkSync (fs.js:1061:18)
    at Object.unlock (/home/explorer/blockex/lib/locker.js:40:6)
    at update (/home/explorer/blockex/cron/block.js:101:14)
    at <anonymous>
    at process._tickCallback (internal/process/next_tick.js:189:7)
  errno: -2,
  code: 'ENOENT',
  syscall: 'unlink',
  path: '/home/explorer/blockex/tmp/block.cron_lock' }
264874 264874 true
{ Error: ENOENT: no such file or directory, unlink '/home/explorer/blockex/tmp/block.cron_lock'
    at Object.fs.unlinkSync (fs.js:1061:18)
    at Object.unlock (/home/explorer/blockex/lib/locker.js:40:6)
    at update (/home/explorer/blockex/cron/block.js:101:14)
    at <anonymous>
    at process._tickCallback (internal/process/next_tick.js:189:7)
  errno: -2,
  code: 'ENOENT',
  syscall: 'unlink',
  path: '/home/explorer/blockex/tmp/block.cron_lock' }
264874 264875 true
Height: 264874 Hash: f032260afe03d62c10f262716cc64cf40d2fdc55145085435bed444162cbb5c9
Height: 264875 Hash: ce438525969df3ebd365162a22d63191d84a8724c5534cda24d8b1834fab5317
264875 264876 true
Height: 264875 Hash: ce438525969df3ebd365162a22d63191d84a8724c5534cda24d8b1834fab5317
Height: 264876 Hash: 01a93a2d130b1ea3b7f7d40f22432453a7a37383fede2e80ee7fc6c8e3e7130f
264876 264876 true
{ Error: ENOENT: no such file or directory, unlink '/home/explorer/blockex/tmp/block.cron_lock'
    at Object.fs.unlinkSync (fs.js:1061:18)
    at Object.unlock (/home/explorer/blockex/lib/locker.js:40:6)
    at update (/home/explorer/blockex/cron/block.js:101:14)
    at <anonymous>
    at process._tickCallback (internal/process/next_tick.js:189:7)
  errno: -2,
  code: 'ENOENT',
  syscall: 'unlink',
  path: '/home/explorer/blockex/tmp/block.cron_lock' }
264876 264876 true
{ Error: ENOENT: no such file or directory, unlink '/home/explorer/blockex/tmp/block.cron_lock'
    at Object.fs.unlinkSync (fs.js:1061:18)
    at Object.unlock (/home/explorer/blockex/lib/locker.js:40:6)
    at update (/home/explorer/blockex/cron/block.js:101:14)
    at <anonymous>
    at process._tickCallback (internal/process/next_tick.js:189:7)
  errno: -2,
  code: 'ENOENT',
  syscall: 'unlink',
  path: '/home/explorer/blockex/tmp/block.cron_lock' }
264876 264877 true
Height: 264876 Hash: 01a93a2d130b1ea3b7f7d40f22432453a7a37383fede2e80ee7fc6c8e3e7130f
Height: 264877 Hash: b2d0a5223f8f15654b633edd48c937f64836fc727044f3f018d400409d9a51e5
264877 264877 true
{ Error: ENOENT: no such file or directory, unlink '/home/explorer/blockex/tmp/block.cron_lock'
    at Object.fs.unlinkSync (fs.js:1061:18)
    at Object.unlock (/home/explorer/blockex/lib/locker.js:40:6)
    at update (/home/explorer/blockex/cron/block.js:101:14)
    at <anonymous>
    at process._tickCallback (internal/process/next_tick.js:189:7)
  errno: -2,
  code: 'ENOENT',
  syscall: 'unlink',
  path: '/home/explorer/blockex/tmp/block.cron_lock' }
264877 264877 true
{ Error: ENOENT: no such file or directory, unlink '/home/explorer/blockex/tmp/block.cron_lock'
    at Object.fs.unlinkSync (fs.js:1061:18)
    at Object.unlock (/home/explorer/blockex/lib/locker.js:40:6)
    at update (/home/explorer/blockex/cron/block.js:101:14)
    at <anonymous>
    at process._tickCallback (internal/process/next_tick.js:189:7)
  errno: -2,
  code: 'ENOENT',
  syscall: 'unlink',
  path: '/home/explorer/blockex/tmp/block.cron_lock' }
264877 264878 true
Height: 264877 Hash: b2d0a5223f8f15654b633edd48c937f64836fc727044f3f018d400409d9a51e5
Height: 264878 Hash: f152b30ef467b16a8d6acffa468353e1b10f53096ddd64a4ea63c18e293eb4f2
264878 264878 true
{ Error: ENOENT: no such file or directory, unlink '/home/explorer/blockex/tmp/block.cron_lock'
    at Object.fs.unlinkSync (fs.js:1061:18)
    at Object.unlock (/home/explorer/blockex/lib/locker.js:40:6)
    at update (/home/explorer/blockex/cron/block.js:101:14)
    at <anonymous>
    at process._tickCallback (internal/process/next_tick.js:189:7)
  errno: -2,
  code: 'ENOENT',
  syscall: 'unlink',
  path: '/home/explorer/blockex/tmp/block.cron_lock' }
264878 264878 true
{ Error: ENOENT: no such file or directory, unlink '/home/explorer/blockex/tmp/block.cron_lock'
    at Object.fs.unlinkSync (fs.js:1061:18)
    at Object.unlock (/home/explorer/blockex/lib/locker.js:40:6)
    at update (/home/explorer/blockex/cron/block.js:101:14)
    at <anonymous>
    at process._tickCallback (internal/process/next_tick.js:189:7)
  errno: -2,
  code: 'ENOENT',
  syscall: 'unlink',
  path: '/home/explorer/blockex/tmp/block.cron_lock' }
264878 264880 true
Height: 264878 Hash: f152b30ef467b16a8d6acffa468353e1b10f53096ddd64a4ea63c18e293eb4f2
Height: 264879 Hash: 48182b6a93492725cd765de4861a99dfdd12c9e646ea5e550b679f5fc786f380
Height: 264880 Hash: 66026f3817ca1230b66d73d06cf3fbf1e66faf0c66c8e933f8d2b63a40530523
264880 264881 true
Height: 264880 Hash: 66026f3817ca1230b66d73d06cf3fbf1e66faf0c66c8e933f8d2b63a40530523
Height: 264881 Hash: 1d07e187ed69678b242f994508961e89d64bb391d8ae75d9b120d61cdba516cf
264881 264881 true
{ Error: ENOENT: no such file or directory, unlink '/home/explorer/blockex/tmp/block.cron_lock'
    at Object.fs.unlinkSync (fs.js:1061:18)
    at Object.unlock (/home/explorer/blockex/lib/locker.js:40:6)
    at update (/home/explorer/blockex/cron/block.js:101:14)
    at <anonymous>
    at process._tickCallback (internal/process/next_tick.js:189:7)
  errno: -2,
  code: 'ENOENT',
  syscall: 'unlink',
  path: '/home/explorer/blockex/tmp/block.cron_lock' }
264881 264881 true
{ Error: ENOENT: no such file or directory, unlink '/home/explorer/blockex/tmp/block.cron_lock'
    at Object.fs.unlinkSync (fs.js:1061:18)
    at Object.unlock (/home/explorer/blockex/lib/locker.js:40:6)
    at update (/home/explorer/blockex/cron/block.js:101:14)
    at <anonymous>
    at process._tickCallback (internal/process/next_tick.js:189:7)
  errno: -2,
  code: 'ENOENT',
  syscall: 'unlink',
  path: '/home/explorer/blockex/tmp/block.cron_lock' }
264881 264881 true
{ Error: ENOENT: no such file or directory, unlink '/home/explorer/blockex/tmp/block.cron_lock'
    at Object.fs.unlinkSync (fs.js:1061:18)
    at Object.unlock (/home/explorer/blockex/lib/locker.js:40:6)
    at update (/home/explorer/blockex/cron/block.js:101:14)
    at <anonymous>
    at process._tickCallback (internal/process/next_tick.js:189:7)
  errno: -2,
  code: 'ENOENT',
  syscall: 'unlink',
  path: '/home/explorer/blockex/tmp/block.cron_lock' }
264881 264881 true
{ Error: ENOENT: no such file or directory, unlink '/home/explorer/blockex/tmp/block.cron_lock'
    at Object.fs.unlinkSync (fs.js:1061:18)
    at Object.unlock (/home/explorer/blockex/lib/locker.js:40:6)
    at update (/home/explorer/blockex/cron/block.js:101:14)
    at <anonymous>
    at process._tickCallback (internal/process/next_tick.js:189:7)
  errno: -2,
  code: 'ENOENT',
  syscall: 'unlink',
  path: '/home/explorer/blockex/tmp/block.cron_lock' }
264881 264881 true
{ Error: ENOENT: no such file or directory, unlink '/home/explorer/blockex/tmp/block.cron_lock'
    at Object.fs.unlinkSync (fs.js:1061:18)
    at Object.unlock (/home/explorer/blockex/lib/locker.js:40:6)
    at update (/home/explorer/blockex/cron/block.js:101:14)
    at <anonymous>
    at process._tickCallback (internal/process/next_tick.js:189:7)
  errno: -2,
  code: 'ENOENT',
  syscall: 'unlink',
  path: '/home/explorer/blockex/tmp/block.cron_lock' }
264881 264882 true
Height: 264881 Hash: 1d07e187ed69678b242f994508961e89d64bb391d8ae75d9b120d61cdba516cf
Height: 264882 Hash: a2d4edfb28ce7e6aa3c010231db437811a34321bb9e79ed2c9fee808cba30cec
264882 264882 true
{ Error: ENOENT: no such file or directory, unlink '/home/explorer/blockex/tmp/block.cron_lock'
    at Object.fs.unlinkSync (fs.js:1061:18)
    at Object.unlock (/home/explorer/blockex/lib/locker.js:40:6)
    at update (/home/explorer/blockex/cron/block.js:101:14)
    at <anonymous>
    at process._tickCallback (internal/process/next_tick.js:189:7)
  errno: -2,
  code: 'ENOENT',
  syscall: 'unlink',
  path: '/home/explorer/blockex/tmp/block.cron_lock' }
264882 264882 true
{ Error: ENOENT: no such file or directory, unlink '/home/explorer/blockex/tmp/block.cron_lock'
    at Object.fs.unlinkSync (fs.js:1061:18)
    at Object.unlock (/home/explorer/blockex/lib/locker.js:40:6)
    at update (/home/explorer/blockex/cron/block.js:101:14)
    at <anonymous>
    at process._tickCallback (internal/process/next_tick.js:189:7)
  errno: -2,
  code: 'ENOENT',
  syscall: 'unlink',
  path: '/home/explorer/blockex/tmp/block.cron_lock' }
264882 264882 true
{ Error: ENOENT: no such file or directory, unlink '/home/explorer/blockex/tmp/block.cron_lock'
    at Object.fs.unlinkSync (fs.js:1061:18)
    at Object.unlock (/home/explorer/blockex/lib/locker.js:40:6)
    at update (/home/explorer/blockex/cron/block.js:101:14)
    at <anonymous>
    at process._tickCallback (internal/process/next_tick.js:189:7)
  errno: -2,
  code: 'ENOENT',
  syscall: 'unlink',
  path: '/home/explorer/blockex/tmp/block.cron_lock' }
264882 264883 true
Height: 264882 Hash: a2d4edfb28ce7e6aa3c010231db437811a34321bb9e79ed2c9fee808cba30cec
Height: 264883 Hash: ab1d954d62fb910973067d032438350ba86911d0c06911aacaf2a977347fc1af
264883 264883 true
{ Error: ENOENT: no such file or directory, unlink '/home/explorer/blockex/tmp/block.cron_lock'
    at Object.fs.unlinkSync (fs.js:1061:18)
    at Object.unlock (/home/explorer/blockex/lib/locker.js:40:6)
    at update (/home/explorer/blockex/cron/block.js:101:14)
    at <anonymous>
    at process._tickCallback (internal/process/next_tick.js:189:7)
  errno: -2,
  code: 'ENOENT',
  syscall: 'unlink',
  path: '/home/explorer/blockex/tmp/block.cron_lock' }
264883 264883 true
{ Error: ENOENT: no such file or directory, unlink '/home/explorer/blockex/tmp/block.cron_lock'
    at Object.fs.unlinkSync (fs.js:1061:18)
    at Object.unlock (/home/explorer/blockex/lib/locker.js:40:6)
    at update (/home/explorer/blockex/cron/block.js:101:14)
    at <anonymous>
    at process._tickCallback (internal/process/next_tick.js:189:7)
  errno: -2,
  code: 'ENOENT',
  syscall: 'unlink',
  path: '/home/explorer/blockex/tmp/block.cron_lock' }
264883 264883 true
{ Error: ENOENT: no such file or directory, unlink '/home/explorer/blockex/tmp/block.cron_lock'
    at Object.fs.unlinkSync (fs.js:1061:18)
    at Object.unlock (/home/explorer/blockex/lib/locker.js:40:6)
    at update (/home/explorer/blockex/cron/block.js:101:14)
    at <anonymous>
    at process._tickCallback (internal/process/next_tick.js:189:7)
  errno: -2,
  code: 'ENOENT',
  syscall: 'unlink',
  path: '/home/explorer/blockex/tmp/block.cron_lock' }
264883 264883 true
{ Error: ENOENT: no such file or directory, unlink '/home/explorer/blockex/tmp/block.cron_lock'
    at Object.fs.unlinkSync (fs.js:1061:18)
    at Object.unlock (/home/explorer/blockex/lib/locker.js:40:6)
    at update (/home/explorer/blockex/cron/block.js:101:14)
    at <anonymous>
    at process._tickCallback (internal/process/next_tick.js:189:7)
  errno: -2,
  code: 'ENOENT',
  syscall: 'unlink',
  path: '/home/explorer/blockex/tmp/block.cron_lock' }
264883 264883 true
{ Error: ENOENT: no such file or directory, unlink '/home/explorer/blockex/tmp/block.cron_lock'
    at Object.fs.unlinkSync (fs.js:1061:18)
    at Object.unlock (/home/explorer/blockex/lib/locker.js:40:6)
    at update (/home/explorer/blockex/cron/block.js:101:14)
    at <anonymous>
    at process._tickCallback (internal/process/next_tick.js:189:7)
  errno: -2,
  code: 'ENOENT',
  syscall: 'unlink',
  path: '/home/explorer/blockex/tmp/block.cron_lock' }
264883 264884 true
Height: 264883 Hash: ab1d954d62fb910973067d032438350ba86911d0c06911aacaf2a977347fc1af
Height: 264884 Hash: c6aeb44322bcb7cb1481f7c9c9e46a7a5bdcee0369c397f92103438e9dce7c46
264884 264886 true
Height: 264884 Hash: c6aeb44322bcb7cb1481f7c9c9e46a7a5bdcee0369c397f92103438e9dce7c46
Height: 264885 Hash: d13d333205f4a01ce0a835ae2292e6460b1e70aae4055abdaf3bf616df548061
Height: 264886 Hash: fd6b74513464d0109a9c6a1b97173b7e6510d0d884999828f0a3fe294714c4d9
264886 264886 true
{ Error: ENOENT: no such file or directory, unlink '/home/explorer/blockex/tmp/block.cron_lock'
    at Object.fs.unlinkSync (fs.js:1061:18)
    at Object.unlock (/home/explorer/blockex/lib/locker.js:40:6)
    at update (/home/explorer/blockex/cron/block.js:101:14)
    at <anonymous>
    at process._tickCallback (internal/process/next_tick.js:189:7)
  errno: -2,
  code: 'ENOENT',
  syscall: 'unlink',
  path: '/home/explorer/blockex/tmp/block.cron_lock' }
264886 264886 true
{ Error: ENOENT: no such file or directory, unlink '/home/explorer/blockex/tmp/block.cron_lock'
    at Object.fs.unlinkSync (fs.js:1061:18)
    at Object.unlock (/home/explorer/blockex/lib/locker.js:40:6)
    at update (/home/explorer/blockex/cron/block.js:101:14)
    at <anonymous>
    at process._tickCallback (internal/process/next_tick.js:189:7)
  errno: -2,
  code: 'ENOENT',
  syscall: 'unlink',
  path: '/home/explorer/blockex/tmp/block.cron_lock' }
264886 264886 true
{ Error: ENOENT: no such file or directory, unlink '/home/explorer/blockex/tmp/block.cron_lock'
    at Object.fs.unlinkSync (fs.js:1061:18)
    at Object.unlock (/home/explorer/blockex/lib/locker.js:40:6)
    at update (/home/explorer/blockex/cron/block.js:101:14)
    at <anonymous>
    at process._tickCallback (internal/process/next_tick.js:189:7)
  errno: -2,
  code: 'ENOENT',
  syscall: 'unlink',
  path: '/home/explorer/blockex/tmp/block.cron_lock' }
264886 264886 true
{ Error: ENOENT: no such file or directory, unlink '/home/explorer/blockex/tmp/block.cron_lock'
    at Object.fs.unlinkSync (fs.js:1061:18)
    at Object.unlock (/home/explorer/blockex/lib/locker.js:40:6)
    at update (/home/explorer/blockex/cron/block.js:101:14)
    at <anonymous>
    at process._tickCallback (internal/process/next_tick.js:189:7)
  errno: -2,
  code: 'ENOENT',
  syscall: 'unlink',
  path: '/home/explorer/blockex/tmp/block.cron_lock' }
264886 264887 true
Height: 264886 Hash: fd6b74513464d0109a9c6a1b97173b7e6510d0d884999828f0a3fe294714c4d9
Height: 264887 Hash: a02ecd865d58e258d5ffa6175c3aa332ff0e37d1766a6f3e17f4d0dcf2196320
264887 264887 true
{ Error: ENOENT: no such file or directory, unlink '/home/explorer/blockex/tmp/block.cron_lock'
    at Object.fs.unlinkSync (fs.js:1061:18)
    at Object.unlock (/home/explorer/blockex/lib/locker.js:40:6)
    at update (/home/explorer/blockex/cron/block.js:101:14)
    at <anonymous>
    at process._tickCallback (internal/process/next_tick.js:189:7)
  errno: -2,
  code: 'ENOENT',
  syscall: 'unlink',
  path: '/home/explorer/blockex/tmp/block.cron_lock' }
264887 264888 true
Height: 264887 Hash: a02ecd865d58e258d5ffa6175c3aa332ff0e37d1766a6f3e17f4d0dcf2196320
Height: 264888 Hash: 20994e08f37b39b372bbda54fcc67c03ee760c05d7c1ce5fcec1f4f5beefe590
264888 264889 true
Height: 264888 Hash: 20994e08f37b39b372bbda54fcc67c03ee760c05d7c1ce5fcec1f4f5beefe590
Height: 264889 Hash: 82f3e53beba7b01fbf1aac0e2541cb5ecb148367acb08811cf6808afadb84827
264889 264889 true
{ Error: ENOENT: no such file or directory, unlink '/home/explorer/blockex/tmp/block.cron_lock'
    at Object.fs.unlinkSync (fs.js:1061:18)
    at Object.unlock (/home/explorer/blockex/lib/locker.js:40:6)
    at update (/home/explorer/blockex/cron/block.js:101:14)
    at <anonymous>
    at process._tickCallback (internal/process/next_tick.js:189:7)
  errno: -2,
  code: 'ENOENT',
  syscall: 'unlink',
  path: '/home/explorer/blockex/tmp/block.cron_lock' }
264889 264889 true
{ Error: ENOENT: no such file or directory, unlink '/home/explorer/blockex/tmp/block.cron_lock'
    at Object.fs.unlinkSync (fs.js:1061:18)
    at Object.unlock (/home/explorer/blockex/lib/locker.js:40:6)
    at update (/home/explorer/blockex/cron/block.js:101:14)
    at <anonymous>
    at process._tickCallback (internal/process/next_tick.js:189:7)
  errno: -2,
  code: 'ENOENT',
  syscall: 'unlink',
  path: '/home/explorer/blockex/tmp/block.cron_lock' }
264889 264890 true
Height: 264889 Hash: 82f3e53beba7b01fbf1aac0e2541cb5ecb148367acb08811cf6808afadb84827
Height: 264890 Hash: 12d1dc1bcdf034b2199eaf1faf7a05c5cbba2799895d5a9ed6a0f3b6f8222b25
264890 264890 true
{ Error: ENOENT: no such file or directory, unlink '/home/explorer/blockex/tmp/block.cron_lock'
    at Object.fs.unlinkSync (fs.js:1061:18)
    at Object.unlock (/home/explorer/blockex/lib/locker.js:40:6)
    at update (/home/explorer/blockex/cron/block.js:101:14)
    at <anonymous>
    at process._tickCallback (internal/process/next_tick.js:189:7)
  errno: -2,
  code: 'ENOENT',
  syscall: 'unlink',
  path: '/home/explorer/blockex/tmp/block.cron_lock' }
264890 264891 true
Height: 264890 Hash: 12d1dc1bcdf034b2199eaf1faf7a05c5cbba2799895d5a9ed6a0f3b6f8222b25
Height: 264891 Hash: d7270db7ec2fd9b47f9e4396dc16b323f0a9d593ee8b8d668e39a66abbfba1e5
264891 264891 true
{ Error: ENOENT: no such file or directory, unlink '/home/explorer/blockex/tmp/block.cron_lock'
    at Object.fs.unlinkSync (fs.js:1061:18)
    at Object.unlock (/home/explorer/blockex/lib/locker.js:40:6)
    at update (/home/explorer/blockex/cron/block.js:101:14)
    at <anonymous>
    at process._tickCallback (internal/process/next_tick.js:189:7)
  errno: -2,
  code: 'ENOENT',
  syscall: 'unlink',
  path: '/home/explorer/blockex/tmp/block.cron_lock' }
264891 264892 true
Height: 264891 Hash: d7270db7ec2fd9b47f9e4396dc16b323f0a9d593ee8b8d668e39a66abbfba1e5
Height: 264892 Hash: 35b8a47c976d4a710f27a08d2f6cd78d2d49553508ad293c1e2b92cda86f8e4d
264892 264892 true
{ Error: ENOENT: no such file or directory, unlink '/home/explorer/blockex/tmp/block.cron_lock'
    at Object.fs.unlinkSync (fs.js:1061:18)
    at Object.unlock (/home/explorer/blockex/lib/locker.js:40:6)
    at update (/home/explorer/blockex/cron/block.js:101:14)
    at <anonymous>
    at process._tickCallback (internal/process/next_tick.js:189:7)
  errno: -2,
  code: 'ENOENT',
  syscall: 'unlink',
  path: '/home/explorer/blockex/tmp/block.cron_lock' }
264892 264892 true
{ Error: ENOENT: no such file or directory, unlink '/home/explorer/blockex/tmp/block.cron_lock'
    at Object.fs.unlinkSync (fs.js:1061:18)
    at Object.unlock (/home/explorer/blockex/lib/locker.js:40:6)
    at update (/home/explorer/blockex/cron/block.js:101:14)
    at <anonymous>
    at process._tickCallback (internal/process/next_tick.js:189:7)
  errno: -2,
  code: 'ENOENT',
  syscall: 'unlink',
  path: '/home/explorer/blockex/tmp/block.cron_lock' }
264892 264893 true
Height: 264892 Hash: 35b8a47c976d4a710f27a08d2f6cd78d2d49553508ad293c1e2b92cda86f8e4d
Height: 264893 Hash: 01e98738e658bdc69a537e24d25ede5dcf2dfde1687067a6056dd7a0dd9e8cf0
264893 264894 true
Height: 264893 Hash: 01e98738e658bdc69a537e24d25ede5dcf2dfde1687067a6056dd7a0dd9e8cf0
Height: 264894 Hash: 0318e20064079e4c33f7407fee37c7a9e83b19c19fd2c6d850f2ff7e73cad956
264894 264894 true
{ Error: ENOENT: no such file or directory, unlink '/home/explorer/blockex/tmp/block.cron_lock'
    at Object.fs.unlinkSync (fs.js:1061:18)
    at Object.unlock (/home/explorer/blockex/lib/locker.js:40:6)
    at update (/home/explorer/blockex/cron/block.js:101:14)
    at <anonymous>
    at process._tickCallback (internal/process/next_tick.js:189:7)
  errno: -2,
  code: 'ENOENT',
  syscall: 'unlink',
  path: '/home/explorer/blockex/tmp/block.cron_lock' }
264894 264894 true
{ Error: ENOENT: no such file or directory, unlink '/home/explorer/blockex/tmp/block.cron_lock'
    at Object.fs.unlinkSync (fs.js:1061:18)
    at Object.unlock (/home/explorer/blockex/lib/locker.js:40:6)
    at update (/home/explorer/blockex/cron/block.js:101:14)
    at <anonymous>
    at process._tickCallback (internal/process/next_tick.js:189:7)
  errno: -2,
  code: 'ENOENT',
  syscall: 'unlink',
  path: '/home/explorer/blockex/tmp/block.cron_lock' }
264894 264894 true
{ Error: ENOENT: no such file or directory, unlink '/home/explorer/blockex/tmp/block.cron_lock'
    at Object.fs.unlinkSync (fs.js:1061:18)
    at Object.unlock (/home/explorer/blockex/lib/locker.js:40:6)
    at update (/home/explorer/blockex/cron/block.js:101:14)
    at <anonymous>
    at process._tickCallback (internal/process/next_tick.js:189:7)
  errno: -2,
  code: 'ENOENT',
  syscall: 'unlink',
  path: '/home/explorer/blockex/tmp/block.cron_lock' }
264894 264894 true
{ Error: ENOENT: no such file or directory, unlink '/home/explorer/blockex/tmp/block.cron_lock'
    at Object.fs.unlinkSync (fs.js:1061:18)
    at Object.unlock (/home/explorer/blockex/lib/locker.js:40:6)
    at update (/home/explorer/blockex/cron/block.js:101:14)
    at <anonymous>
    at process._tickCallback (internal/process/next_tick.js:189:7)
  errno: -2,
  code: 'ENOENT',
  syscall: 'unlink',
  path: '/home/explorer/blockex/tmp/block.cron_lock' }
264894 264894 true
{ Error: ENOENT: no such file or directory, unlink '/home/explorer/blockex/tmp/block.cron_lock'
    at Object.fs.unlinkSync (fs.js:1061:18)
    at Object.unlock (/home/explorer/blockex/lib/locker.js:40:6)
    at update (/home/explorer/blockex/cron/block.js:101:14)
    at <anonymous>
    at process._tickCallback (internal/process/next_tick.js:189:7)
  errno: -2,
  code: 'ENOENT',
  syscall: 'unlink',
  path: '/home/explorer/blockex/tmp/block.cron_lock' }
264894 264894 true
{ Error: ENOENT: no such file or directory, unlink '/home/explorer/blockex/tmp/block.cron_lock'
    at Object.fs.unlinkSync (fs.js:1061:18)
    at Object.unlock (/home/explorer/blockex/lib/locker.js:40:6)
    at update (/home/explorer/blockex/cron/block.js:101:14)
    at <anonymous>
    at process._tickCallback (internal/process/next_tick.js:189:7)
  errno: -2,
  code: 'ENOENT',
  syscall: 'unlink',
  path: '/home/explorer/blockex/tmp/block.cron_lock' }
264894 264894 true
{ Error: ENOENT: no such file or directory, unlink '/home/explorer/blockex/tmp/block.cron_lock'
    at Object.fs.unlinkSync (fs.js:1061:18)
    at Object.unlock (/home/explorer/blockex/lib/locker.js:40:6)
    at update (/home/explorer/blockex/cron/block.js:101:14)
    at <anonymous>
    at process._tickCallback (internal/process/next_tick.js:189:7)
  errno: -2,
  code: 'ENOENT',
  syscall: 'unlink',
  path: '/home/explorer/blockex/tmp/block.cron_lock' }
264894 264894 true
{ Error: ENOENT: no such file or directory, unlink '/home/explorer/blockex/tmp/block.cron_lock'
    at Object.fs.unlinkSync (fs.js:1061:18)
    at Object.unlock (/home/explorer/blockex/lib/locker.js:40:6)
    at update (/home/explorer/blockex/cron/block.js:101:14)
    at <anonymous>
    at process._tickCallback (internal/process/next_tick.js:189:7)
  errno: -2,
  code: 'ENOENT',
  syscall: 'unlink',
  path: '/home/explorer/blockex/tmp/block.cron_lock' }
264894 264894 true
{ Error: ENOENT: no such file or directory, unlink '/home/explorer/blockex/tmp/block.cron_lock'
    at Object.fs.unlinkSync (fs.js:1061:18)
    at Object.unlock (/home/explorer/blockex/lib/locker.js:40:6)
    at update (/home/explorer/blockex/cron/block.js:101:14)
    at <anonymous>
    at process._tickCallback (internal/process/next_tick.js:189:7)
  errno: -2,
  code: 'ENOENT',
  syscall: 'unlink',
  path: '/home/explorer/blockex/tmp/block.cron_lock' }
264894 264894 true
{ Error: ENOENT: no such file or directory, unlink '/home/explorer/blockex/tmp/block.cron_lock'
    at Object.fs.unlinkSync (fs.js:1061:18)
    at Object.unlock (/home/explorer/blockex/lib/locker.js:40:6)
    at update (/home/explorer/blockex/cron/block.js:101:14)
    at <anonymous>
    at process._tickCallback (internal/process/next_tick.js:189:7)
  errno: -2,
  code: 'ENOENT',
  syscall: 'unlink',
  path: '/home/explorer/blockex/tmp/block.cron_lock' }
264894 264894 true
{ Error: ENOENT: no such file or directory, unlink '/home/explorer/blockex/tmp/block.cron_lock'
    at Object.fs.unlinkSync (fs.js:1061:18)
    at Object.unlock (/home/explorer/blockex/lib/locker.js:40:6)
    at update (/home/explorer/blockex/cron/block.js:101:14)
    at <anonymous>
    at process._tickCallback (internal/process/next_tick.js:189:7)
  errno: -2,
  code: 'ENOENT',
  syscall: 'unlink',
  path: '/home/explorer/blockex/tmp/block.cron_lock' }
264894 264894 true
{ Error: ENOENT: no such file or directory, unlink '/home/explorer/blockex/tmp/block.cron_lock'
    at Object.fs.unlinkSync (fs.js:1061:18)
    at Object.unlock (/home/explorer/blockex/lib/locker.js:40:6)
    at update (/home/explorer/blockex/cron/block.js:101:14)
    at <anonymous>
    at process._tickCallback (internal/process/next_tick.js:189:7)
  errno: -2,
  code: 'ENOENT',
  syscall: 'unlink',
  path: '/home/explorer/blockex/tmp/block.cron_lock' }
264894 264894 true
{ Error: ENOENT: no such file or directory, unlink '/home/explorer/blockex/tmp/block.cron_lock'
    at Object.fs.unlinkSync (fs.js:1061:18)
    at Object.unlock (/home/explorer/blockex/lib/locker.js:40:6)
    at update (/home/explorer/blockex/cron/block.js:101:14)
    at <anonymous>
    at process._tickCallback (internal/process/next_tick.js:189:7)
  errno: -2,
  code: 'ENOENT',
  syscall: 'unlink',
  path: '/home/explorer/blockex/tmp/block.cron_lock' }
264894 264894 true
{ Error: ENOENT: no such file or directory, unlink '/home/explorer/blockex/tmp/block.cron_lock'
    at Object.fs.unlinkSync (fs.js:1061:18)
    at Object.unlock (/home/explorer/blockex/lib/locker.js:40:6)
    at update (/home/explorer/blockex/cron/block.js:101:14)
    at <anonymous>
    at process._tickCallback (internal/process/next_tick.js:189:7)
  errno: -2,
  code: 'ENOENT',
  syscall: 'unlink',
  path: '/home/explorer/blockex/tmp/block.cron_lock' }
264894 264894 true
{ Error: ENOENT: no such file or directory, unlink '/home/explorer/blockex/tmp/block.cron_lock'
    at Object.fs.unlinkSync (fs.js:1061:18)
    at Object.unlock (/home/explorer/blockex/lib/locker.js:40:6)
    at update (/home/explorer/blockex/cron/block.js:101:14)
    at <anonymous>
    at process._tickCallback (internal/process/next_tick.js:189:7)
  errno: -2,
  code: 'ENOENT',
  syscall: 'unlink',
  path: '/home/explorer/blockex/tmp/block.cron_lock' }
264894 264894 true
{ Error: ENOENT: no such file or directory, unlink '/home/explorer/blockex/tmp/block.cron_lock'
    at Object.fs.unlinkSync (fs.js:1061:18)
    at Object.unlock (/home/explorer/blockex/lib/locker.js:40:6)
    at update (/home/explorer/blockex/cron/block.js:101:14)
    at <anonymous>
    at process._tickCallback (internal/process/next_tick.js:189:7)
  errno: -2,
  code: 'ENOENT',
  syscall: 'unlink',
  path: '/home/explorer/blockex/tmp/block.cron_lock' }
264894 264894 true
{ Error: ENOENT: no such file or directory, unlink '/home/explorer/blockex/tmp/block.cron_lock'
    at Object.fs.unlinkSync (fs.js:1061:18)
    at Object.unlock (/home/explorer/blockex/lib/locker.js:40:6)
    at update (/home/explorer/blockex/cron/block.js:101:14)
    at <anonymous>
    at process._tickCallback (internal/process/next_tick.js:189:7)
  errno: -2,
  code: 'ENOENT',
  syscall: 'unlink',
  path: '/home/explorer/blockex/tmp/block.cron_lock' }
264894 264894 true
{ Error: ENOENT: no such file or directory, unlink '/home/explorer/blockex/tmp/block.cron_lock'
    at Object.fs.unlinkSync (fs.js:1061:18)
    at Object.unlock (/home/explorer/blockex/lib/locker.js:40:6)
    at update (/home/explorer/blockex/cron/block.js:101:14)
    at <anonymous>
    at process._tickCallback (internal/process/next_tick.js:189:7)
  errno: -2,
  code: 'ENOENT',
  syscall: 'unlink',
  path: '/home/explorer/blockex/tmp/block.cron_lock' }
264894 264894 true
{ Error: ENOENT: no such file or directory, unlink '/home/explorer/blockex/tmp/block.cron_lock'
    at Object.fs.unlinkSync (fs.js:1061:18)
    at Object.unlock (/home/explorer/blockex/lib/locker.js:40:6)
    at update (/home/explorer/blockex/cron/block.js:101:14)
    at <anonymous>
    at process._tickCallback (internal/process/next_tick.js:189:7)
  errno: -2,
  code: 'ENOENT',
  syscall: 'unlink',
  path: '/home/explorer/blockex/tmp/block.cron_lock' }
264894 264895 true
Height: 264894 Hash: 0318e20064079e4c33f7407fee37c7a9e83b19c19fd2c6d850f2ff7e73cad956
Height: 264895 Hash: 31b4b975997d81d1cbc8f15de3b3b34b0558d0fd9aff5355edba004175077775
264895 264896 true
Height: 264895 Hash: 31b4b975997d81d1cbc8f15de3b3b34b0558d0fd9aff5355edba004175077775
Height: 264896 Hash: 56c531d21bd2b07a88a14ca5c47a486273a9f43c2628e7f7ad7682dea61ee922
264896 264896 true
{ Error: ENOENT: no such file or directory, unlink '/home/explorer/blockex/tmp/block.cron_lock'
    at Object.fs.unlinkSync (fs.js:1061:18)
    at Object.unlock (/home/explorer/blockex/lib/locker.js:40:6)
    at update (/home/explorer/blockex/cron/block.js:101:14)
    at <anonymous>
    at process._tickCallback (internal/process/next_tick.js:189:7)
  errno: -2,
  code: 'ENOENT',
  syscall: 'unlink',
  path: '/home/explorer/blockex/tmp/block.cron_lock' }
264896 264896 true
{ Error: ENOENT: no such file or directory, unlink '/home/explorer/blockex/tmp/block.cron_lock'
    at Object.fs.unlinkSync (fs.js:1061:18)
    at Object.unlock (/home/explorer/blockex/lib/locker.js:40:6)
    at update (/home/explorer/blockex/cron/block.js:101:14)
    at <anonymous>
    at process._tickCallback (internal/process/next_tick.js:189:7)
  errno: -2,
  code: 'ENOENT',
  syscall: 'unlink',
  path: '/home/explorer/blockex/tmp/block.cron_lock' }
264896 264896 true
{ Error: ENOENT: no such file or directory, unlink '/home/explorer/blockex/tmp/block.cron_lock'
    at Object.fs.unlinkSync (fs.js:1061:18)
    at Object.unlock (/home/explorer/blockex/lib/locker.js:40:6)
    at update (/home/explorer/blockex/cron/block.js:101:14)
    at <anonymous>
    at process._tickCallback (internal/process/next_tick.js:189:7)
  errno: -2,
  code: 'ENOENT',
  syscall: 'unlink',
  path: '/home/explorer/blockex/tmp/block.cron_lock' }
264896 264897 true
Height: 264896 Hash: 56c531d21bd2b07a88a14ca5c47a486273a9f43c2628e7f7ad7682dea61ee922
Height: 264897 Hash: c36a27120bc5281fc22488b6b719818c4179940e3d2332916011df7ca3650d14
264897 264897 true
{ Error: ENOENT: no such file or directory, unlink '/home/explorer/blockex/tmp/block.cron_lock'
    at Object.fs.unlinkSync (fs.js:1061:18)
    at Object.unlock (/home/explorer/blockex/lib/locker.js:40:6)
    at update (/home/explorer/blockex/cron/block.js:101:14)
    at <anonymous>
    at process._tickCallback (internal/process/next_tick.js:189:7)
  errno: -2,
  code: 'ENOENT',
  syscall: 'unlink',
  path: '/home/explorer/blockex/tmp/block.cron_lock' }
264897 264897 true
{ Error: ENOENT: no such file or directory, unlink '/home/explorer/blockex/tmp/block.cron_lock'
    at Object.fs.unlinkSync (fs.js:1061:18)
    at Object.unlock (/home/explorer/blockex/lib/locker.js:40:6)
    at update (/home/explorer/blockex/cron/block.js:101:14)
    at <anonymous>
    at process._tickCallback (internal/process/next_tick.js:189:7)
  errno: -2,
  code: 'ENOENT',
  syscall: 'unlink',
  path: '/home/explorer/blockex/tmp/block.cron_lock' }
264897 264897 true
{ Error: ENOENT: no such file or directory, unlink '/home/explorer/blockex/tmp/block.cron_lock'
    at Object.fs.unlinkSync (fs.js:1061:18)
    at Object.unlock (/home/explorer/blockex/lib/locker.js:40:6)
    at update (/home/explorer/blockex/cron/block.js:101:14)
    at <anonymous>
    at process._tickCallback (internal/process/next_tick.js:189:7)
  errno: -2,
  code: 'ENOENT',
  syscall: 'unlink',
  path: '/home/explorer/blockex/tmp/block.cron_lock' }
264897 264897 true
{ Error: ENOENT: no such file or directory, unlink '/home/explorer/blockex/tmp/block.cron_lock'
    at Object.fs.unlinkSync (fs.js:1061:18)
    at Object.unlock (/home/explorer/blockex/lib/locker.js:40:6)
    at update (/home/explorer/blockex/cron/block.js:101:14)
    at <anonymous>
    at process._tickCallback (internal/process/next_tick.js:189:7)
  errno: -2,
  code: 'ENOENT',
  syscall: 'unlink',
  path: '/home/explorer/blockex/tmp/block.cron_lock' }
264897 264898 true
Height: 264897 Hash: c36a27120bc5281fc22488b6b719818c4179940e3d2332916011df7ca3650d14
Height: 264898 Hash: 7db2565968f8d3230e8774fc4a7ed3f2de47406fbc43c0fbd3f48f3e89d7398b
264898 264900 true
Height: 264898 Hash: 7db2565968f8d3230e8774fc4a7ed3f2de47406fbc43c0fbd3f48f3e89d7398b
Height: 264899 Hash: cb56b4a3ff1669638cdcabb6e3e581d04fbbdcf07593b35b2767337dc616a83a
Height: 264900 Hash: ee52a2c991b1aac929cdb2d0b714afda8f3eac85c7b4f031842c8e5121077786
264900 264901 true
Height: 264900 Hash: ee52a2c991b1aac929cdb2d0b714afda8f3eac85c7b4f031842c8e5121077786
Height: 264901 Hash: 9713d4decace4669f4b29f107a24254dc3e68645f6c0ed0fb6631d2934969a17
264901 264901 true
{ Error: ENOENT: no such file or directory, unlink '/home/explorer/blockex/tmp/block.cron_lock'
    at Object.fs.unlinkSync (fs.js:1061:18)
    at Object.unlock (/home/explorer/blockex/lib/locker.js:40:6)
    at update (/home/explorer/blockex/cron/block.js:101:14)
    at <anonymous>
    at process._tickCallback (internal/process/next_tick.js:189:7)
  errno: -2,
  code: 'ENOENT',
  syscall: 'unlink',
  path: '/home/explorer/blockex/tmp/block.cron_lock' }
264901 264902 true
Height: 264901 Hash: 9713d4decace4669f4b29f107a24254dc3e68645f6c0ed0fb6631d2934969a17
Height: 264902 Hash: 77a9fa4a3bc7f7abdad9dda869820e0524577d8290d48d86dbdc4772130131bf
264902 264903 true
Height: 264902 Hash: 77a9fa4a3bc7f7abdad9dda869820e0524577d8290d48d86dbdc4772130131bf
Height: 264903 Hash: 92ad6196fc39c3ccd8c5430b83873c6f875f6d551303fb2f604d1315705c5021
264903 264903 true
{ Error: ENOENT: no such file or directory, unlink '/home/explorer/blockex/tmp/block.cron_lock'
    at Object.fs.unlinkSync (fs.js:1061:18)
    at Object.unlock (/home/explorer/blockex/lib/locker.js:40:6)
    at update (/home/explorer/blockex/cron/block.js:101:14)
    at <anonymous>
    at process._tickCallback (internal/process/next_tick.js:189:7)
  errno: -2,
  code: 'ENOENT',
  syscall: 'unlink',
  path: '/home/explorer/blockex/tmp/block.cron_lock' }
264903 264903 true
{ Error: ENOENT: no such file or directory, unlink '/home/explorer/blockex/tmp/block.cron_lock'
    at Object.fs.unlinkSync (fs.js:1061:18)
    at Object.unlock (/home/explorer/blockex/lib/locker.js:40:6)
    at update (/home/explorer/blockex/cron/block.js:101:14)
    at <anonymous>
    at process._tickCallback (internal/process/next_tick.js:189:7)
  errno: -2,
  code: 'ENOENT',
  syscall: 'unlink',
  path: '/home/explorer/blockex/tmp/block.cron_lock' }
264903 264904 true
Height: 264903 Hash: 92ad6196fc39c3ccd8c5430b83873c6f875f6d551303fb2f604d1315705c5021
Height: 264904 Hash: 58b016e58891f3701cf713121ccd1fb2f0bc901f732d70165f5f3aef79226314
264904 264904 true
{ Error: ENOENT: no such file or directory, unlink '/home/explorer/blockex/tmp/block.cron_lock'
    at Object.fs.unlinkSync (fs.js:1061:18)
    at Object.unlock (/home/explorer/blockex/lib/locker.js:40:6)
    at update (/home/explorer/blockex/cron/block.js:101:14)
    at <anonymous>
    at process._tickCallback (internal/process/next_tick.js:189:7)
  errno: -2,
  code: 'ENOENT',
  syscall: 'unlink',
  path: '/home/explorer/blockex/tmp/block.cron_lock' }
264904 264904 true
{ Error: ENOENT: no such file or directory, unlink '/home/explorer/blockex/tmp/block.cron_lock'
    at Object.fs.unlinkSync (fs.js:1061:18)
    at Object.unlock (/home/explorer/blockex/lib/locker.js:40:6)
    at update (/home/explorer/blockex/cron/block.js:101:14)
    at <anonymous>
    at process._tickCallback (internal/process/next_tick.js:189:7)
  errno: -2,
  code: 'ENOENT',
  syscall: 'unlink',
  path: '/home/explorer/blockex/tmp/block.cron_lock' }
264904 264905 true
Height: 264904 Hash: 58b016e58891f3701cf713121ccd1fb2f0bc901f732d70165f5f3aef79226314
Height: 264905 Hash: 5da2ee85acf01993f5b80e35e29a129ca2ce7c16210f0f4fc2ce90b6e58ed60a
264905 264905 true
{ Error: ENOENT: no such file or directory, unlink '/home/explorer/blockex/tmp/block.cron_lock'
    at Object.fs.unlinkSync (fs.js:1061:18)
    at Object.unlock (/home/explorer/blockex/lib/locker.js:40:6)
    at update (/home/explorer/blockex/cron/block.js:101:14)
    at <anonymous>
    at process._tickCallback (internal/process/next_tick.js:189:7)
  errno: -2,
  code: 'ENOENT',
  syscall: 'unlink',
  path: '/home/explorer/blockex/tmp/block.cron_lock' }
264905 264905 true
{ Error: ENOENT: no such file or directory, unlink '/home/explorer/blockex/tmp/block.cron_lock'
    at Object.fs.unlinkSync (fs.js:1061:18)
    at Object.unlock (/home/explorer/blockex/lib/locker.js:40:6)
    at update (/home/explorer/blockex/cron/block.js:101:14)
    at <anonymous>
    at process._tickCallback (internal/process/next_tick.js:189:7)
  errno: -2,
  code: 'ENOENT',
  syscall: 'unlink',
  path: '/home/explorer/blockex/tmp/block.cron_lock' }
264905 264905 true
{ Error: ENOENT: no such file or directory, unlink '/home/explorer/blockex/tmp/block.cron_lock'
    at Object.fs.unlinkSync (fs.js:1061:18)
    at Object.unlock (/home/explorer/blockex/lib/locker.js:40:6)
    at update (/home/explorer/blockex/cron/block.js:101:14)
    at <anonymous>
    at process._tickCallback (internal/process/next_tick.js:189:7)
  errno: -2,
  code: 'ENOENT',
  syscall: 'unlink',
  path: '/home/explorer/blockex/tmp/block.cron_lock' }
264905 264905 true
{ Error: ENOENT: no such file or directory, unlink '/home/explorer/blockex/tmp/block.cron_lock'
    at Object.fs.unlinkSync (fs.js:1061:18)
    at Object.unlock (/home/explorer/blockex/lib/locker.js:40:6)
    at update (/home/explorer/blockex/cron/block.js:101:14)
    at <anonymous>
    at process._tickCallback (internal/process/next_tick.js:189:7)
  errno: -2,
  code: 'ENOENT',
  syscall: 'unlink',
  path: '/home/explorer/blockex/tmp/block.cron_lock' }
264905 264905 true
{ Error: ENOENT: no such file or directory, unlink '/home/explorer/blockex/tmp/block.cron_lock'
    at Object.fs.unlinkSync (fs.js:1061:18)
    at Object.unlock (/home/explorer/blockex/lib/locker.js:40:6)
    at update (/home/explorer/blockex/cron/block.js:101:14)
    at <anonymous>
    at process._tickCallback (internal/process/next_tick.js:189:7)
  errno: -2,
  code: 'ENOENT',
  syscall: 'unlink',
  path: '/home/explorer/blockex/tmp/block.cron_lock' }
264905 264907 true
Height: 264905 Hash: 5da2ee85acf01993f5b80e35e29a129ca2ce7c16210f0f4fc2ce90b6e58ed60a
Height: 264906 Hash: 5d37abaaef300c027659a408cea8a8a1cd57653fe8b72803356e1d0da857adce
Height: 264907 Hash: 2f17f27fdce753aa831a5298cd84e187d58352365f406d1612cb94a337ee8a9a
264907 264908 true
Height: 264907 Hash: 2f17f27fdce753aa831a5298cd84e187d58352365f406d1612cb94a337ee8a9a
Height: 264908 Hash: ab29b3244260a46e69e92b701135b806aaa8f98a24d176be215a16841fe51b8b
264908 264908 true
{ Error: ENOENT: no such file or directory, unlink '/home/explorer/blockex/tmp/block.cron_lock'
    at Object.fs.unlinkSync (fs.js:1061:18)
    at Object.unlock (/home/explorer/blockex/lib/locker.js:40:6)
    at update (/home/explorer/blockex/cron/block.js:101:14)
    at <anonymous>
    at process._tickCallback (internal/process/next_tick.js:189:7)
  errno: -2,
  code: 'ENOENT',
  syscall: 'unlink',
  path: '/home/explorer/blockex/tmp/block.cron_lock' }
264908 264908 true
{ Error: ENOENT: no such file or directory, unlink '/home/explorer/blockex/tmp/block.cron_lock'
    at Object.fs.unlinkSync (fs.js:1061:18)
    at Object.unlock (/home/explorer/blockex/lib/locker.js:40:6)
    at update (/home/explorer/blockex/cron/block.js:101:14)
    at <anonymous>
    at process._tickCallback (internal/process/next_tick.js:189:7)
  errno: -2,
  code: 'ENOENT',
  syscall: 'unlink',
  path: '/home/explorer/blockex/tmp/block.cron_lock' }
264908 264908 true
{ Error: ENOENT: no such file or directory, unlink '/home/explorer/blockex/tmp/block.cron_lock'
    at Object.fs.unlinkSync (fs.js:1061:18)
    at Object.unlock (/home/explorer/blockex/lib/locker.js:40:6)
    at update (/home/explorer/blockex/cron/block.js:101:14)
    at <anonymous>
    at process._tickCallback (internal/process/next_tick.js:189:7)
  errno: -2,
  code: 'ENOENT',
  syscall: 'unlink',
  path: '/home/explorer/blockex/tmp/block.cron_lock' }
264908 264908 true
{ Error: ENOENT: no such file or directory, unlink '/home/explorer/blockex/tmp/block.cron_lock'
    at Object.fs.unlinkSync (fs.js:1061:18)
    at Object.unlock (/home/explorer/blockex/lib/locker.js:40:6)
    at update (/home/explorer/blockex/cron/block.js:101:14)
    at <anonymous>
    at process._tickCallback (internal/process/next_tick.js:189:7)
  errno: -2,
  code: 'ENOENT',
  syscall: 'unlink',
  path: '/home/explorer/blockex/tmp/block.cron_lock' }
264908 264908 true
{ Error: ENOENT: no such file or directory, unlink '/home/explorer/blockex/tmp/block.cron_lock'
    at Object.fs.unlinkSync (fs.js:1061:18)
    at Object.unlock (/home/explorer/blockex/lib/locker.js:40:6)
    at update (/home/explorer/blockex/cron/block.js:101:14)
    at <anonymous>
    at process._tickCallback (internal/process/next_tick.js:189:7)
  errno: -2,
  code: 'ENOENT',
  syscall: 'unlink',
  path: '/home/explorer/blockex/tmp/block.cron_lock' }
264908 264908 true
{ Error: ENOENT: no such file or directory, unlink '/home/explorer/blockex/tmp/block.cron_lock'
    at Object.fs.unlinkSync (fs.js:1061:18)
    at Object.unlock (/home/explorer/blockex/lib/locker.js:40:6)
    at update (/home/explorer/blockex/cron/block.js:101:14)
    at <anonymous>
    at process._tickCallback (internal/process/next_tick.js:189:7)
  errno: -2,
  code: 'ENOENT',
  syscall: 'unlink',
  path: '/home/explorer/blockex/tmp/block.cron_lock' }
264908 264908 true
{ Error: ENOENT: no such file or directory, unlink '/home/explorer/blockex/tmp/block.cron_lock'
    at Object.fs.unlinkSync (fs.js:1061:18)
    at Object.unlock (/home/explorer/blockex/lib/locker.js:40:6)
    at update (/home/explorer/blockex/cron/block.js:101:14)
    at <anonymous>
    at process._tickCallback (internal/process/next_tick.js:189:7)
  errno: -2,
  code: 'ENOENT',
  syscall: 'unlink',
  path: '/home/explorer/blockex/tmp/block.cron_lock' }
264908 264908 true
{ Error: ENOENT: no such file or directory, unlink '/home/explorer/blockex/tmp/block.cron_lock'
    at Object.fs.unlinkSync (fs.js:1061:18)
    at Object.unlock (/home/explorer/blockex/lib/locker.js:40:6)
    at update (/home/explorer/blockex/cron/block.js:101:14)
    at <anonymous>
    at process._tickCallback (internal/process/next_tick.js:189:7)
  errno: -2,
  code: 'ENOENT',
  syscall: 'unlink',
  path: '/home/explorer/blockex/tmp/block.cron_lock' }
264908 264908 true
{ Error: ENOENT: no such file or directory, unlink '/home/explorer/blockex/tmp/block.cron_lock'
    at Object.fs.unlinkSync (fs.js:1061:18)
    at Object.unlock (/home/explorer/blockex/lib/locker.js:40:6)
    at update (/home/explorer/blockex/cron/block.js:101:14)
    at <anonymous>
    at process._tickCallback (internal/process/next_tick.js:189:7)
  errno: -2,
  code: 'ENOENT',
  syscall: 'unlink',
  path: '/home/explorer/blockex/tmp/block.cron_lock' }
264908 264908 true
{ Error: ENOENT: no such file or directory, unlink '/home/explorer/blockex/tmp/block.cron_lock'
    at Object.fs.unlinkSync (fs.js:1061:18)
    at Object.unlock (/home/explorer/blockex/lib/locker.js:40:6)
    at update (/home/explorer/blockex/cron/block.js:101:14)
    at <anonymous>
    at process._tickCallback (internal/process/next_tick.js:189:7)
  errno: -2,
  code: 'ENOENT',
  syscall: 'unlink',
  path: '/home/explorer/blockex/tmp/block.cron_lock' }
264908 264908 true
{ Error: ENOENT: no such file or directory, unlink '/home/explorer/blockex/tmp/block.cron_lock'
    at Object.fs.unlinkSync (fs.js:1061:18)
    at Object.unlock (/home/explorer/blockex/lib/locker.js:40:6)
    at update (/home/explorer/blockex/cron/block.js:101:14)
    at <anonymous>
    at process._tickCallback (internal/process/next_tick.js:189:7)
  errno: -2,
  code: 'ENOENT',
  syscall: 'unlink',
  path: '/home/explorer/blockex/tmp/block.cron_lock' }
